2022-12-17 08:57:05 | INFO: SQL(table: contact, query: INSERT INTO contact (name,email,subject,message)  VALUES('a','a','a','a'))
2022-12-17 08:57:54 | INFO: SQL(table: contact, query: INSERT INTO contact (name,email,subject,message)  VALUES('bb','b','b','b'))
2022-12-17 09:04:48 | INFO: SQL(table: contact, query: INSERT INTO contact (name,email,subject,message)  VALUES('a','a','a','a'))
2022-12-17 09:07:29 | INFO: SQL(table: contact, query: INSERT INTO contact (message)  VALUES('a'b'))
2022-12-17 09:11:43 | INFO: SQL(table: contact, query: INSERT INTO contact (message)  VALUES('a"b'))
2022-12-17 09:13:08 | INFO: SQL(table: contact, query: INSERT INTO contact (message)  VALUES(`a'b`))
2022-12-17 09:13:17 | INFO: SQL(table: contact, query: INSERT INTO contact (message)  VALUES(`a`))
2022-12-17 09:14:54 | INFO: SQL(table: contact, query: INSERT INTO contact (message)  VALUES('? \n'))
2022-12-17 09:15:28 | INFO: SQL(table: contact, query: INSERT INTO contact (message)  VALUES('"abc'a"'))
2022-12-17 09:16:15 | INFO: SQL(table: contact, query: INSERT INTO contact (message)  VALUES('a\'b'))
2022-12-17 09:23:29 | INFO: SQL(table: contact, query: INSERT INTO contact (message)  VALUES('a\'b'))
2022-12-17 09:24:22 | INFO: SQL(table: contact, query: INSERT INTO contact (message)  VALUES('?!;%&^'))
2022-12-17 09:24:45 | INFO: SQL(table: contact, query: INSERT INTO contact (message)  VALUES('\n'))
2022-12-17 09:25:33 | INFO: SQL(table: contact, query: INSERT INTO contact (message)  VALUES('\n'))
2022-12-17 09:32:53 | INFO: SQL(table: contact, query: INSERT INTO contact (message)  VALUES('\n'))
2022-12-17 09:42:58 | INFO: SQL(table: contact, query: INSERT INTO contact (name)  VALUES('a'))
2022-12-17 10:07:05 | INFO: SQL(table: contact, query: INSERT INTO contact (name)  VALUES('a'))
2022-12-17 10:07:40 | INFO: SQL(table: contact, query: INSERT INTO contact (name)  VALUES('a'))
2022-12-17 10:11:31 | INFO: SQL(table: contact, query: INSERT INTO contact ()  VALUES())
2022-12-17 10:14:10 | INFO: SQL(table: contact, query: INSERT INTO contact ()  VALUES())
2022-12-17 10:15:10 | INFO: SQL(table: contact, query: INSERT INTO contact ()  VALUES())
2022-12-17 10:16:05 | INFO: SQL(table: contact, query: INSERT INTO contact ()  VALUES())
2022-12-17 10:16:13 | INFO: SQL(table: contact, query: INSERT INTO contact ()  VALUES())
2022-12-17 10:33:25 | INFO: SQL(table: contact, query: SELECT * FROM contact)
2022-12-17 10:33:49 | INFO: SQL(table: contact, query: SELECT * FROM contact)
2022-12-17 10:34:10 | INFO: SQL(table: contact, query: SELECT * FROM contact)
2022-12-17 10:36:45 | INFO: SQL(table: contact, query: SELECT * FROM contact)
2022-12-17 10:36:47 | INFO: SQL(table: contact, query: SELECT * FROM contact)
2022-12-17 10:36:47 | INFO: SQL(table: contact, query: DELETE FROM contact WHERE id =20)
2022-12-17 10:36:59 | INFO: SQL(table: contact, query: SELECT * FROM contact)
2022-12-17 10:36:59 | INFO: SQL(table: contact, query: DELETE FROM contact WHERE id =19)
2022-12-17 10:38:09 | INFO: SQL(table: contact, query: SELECT * FROM contact)
2022-12-17 10:38:09 | INFO: SQL(table: contact, query: DELETE FROM contact WHERE id =19)
2022-12-17 10:38:12 | INFO: SQL(table: contact, query: SELECT * FROM contact)
2022-12-17 10:38:12 | INFO: SQL(table: contact, query: DELETE FROM contact WHERE id =18)
2022-12-17 10:39:54 | INFO: SQL(table: contact, query: SELECT * FROM contact)
2022-12-17 10:39:54 | INFO: SQL(table: contact, query: DELETE FROM contact WHERE id =18)
2022-12-17 10:39:56 | INFO: SQL(table: contact, query: SELECT * FROM contact)
2022-12-17 10:39:56 | INFO: SQL(table: contact, query: DELETE FROM contact WHERE id =17)
2022-12-17 10:39:59 | INFO: SQL(table: contact, query: SELECT * FROM contact)
2022-12-17 10:39:59 | INFO: SQL(table: contact, query: DELETE FROM contact WHERE id =16)
2022-12-17 10:40:50 | INFO: SQL(table: contact, query: SELECT * FROM contact)
2022-12-17 10:40:50 | INFO: SQL(table: contact, query: DELETE FROM contact WHERE id =16)
2022-12-17 10:40:51 | INFO: SQL(table: contact, query: SELECT * FROM contact)
2022-12-17 10:40:51 | INFO: SQL(table: contact, query: DELETE FROM contact WHERE id =14)
2022-12-17 10:44:05 | INFO: SQL(table: contact, query: SELECT * FROM contact)
2022-12-17 10:44:05 | INFO: SQL(table: contact, query: DELETE FROM contact WHERE id =14)
2022-12-17 10:44:07 | INFO: SQL(table: contact, query: SELECT * FROM contact)
2022-12-17 10:44:07 | INFO: SQL(table: contact, query: DELETE FROM contact WHERE id =13)
2022-12-17 10:44:10 | INFO: SQL(table: contact, query: SELECT * FROM contact)
2022-12-17 10:44:10 | INFO: SQL(table: contact, query: DELETE FROM contact WHERE id =15)
2022-12-17 10:44:25 | INFO: SQL(table: contact, query: SELECT * FROM contact)
2022-12-17 10:44:25 | INFO: SQL(table: contact, query: DELETE FROM contact WHERE id =15)
2022-12-17 10:44:27 | INFO: SQL(table: contact, query: SELECT * FROM contact)
2022-12-17 10:44:27 | INFO: SQL(table: contact, query: DELETE FROM contact WHERE id =11)
2022-12-17 10:46:23 | INFO: SQL(table: contact, query: SELECT * FROM contact)
2022-12-17 10:46:23 | INFO: SQL(table: contact, query: DELETE FROM contact WHERE id =11)
2022-12-17 10:46:26 | INFO: SQL(table: contact, query: SELECT * FROM contact)
2022-12-17 10:46:26 | INFO: SQL(table: contact, query: DELETE FROM contact WHERE id =10)
2022-12-17 10:46:28 | INFO: SQL(table: contact, query: SELECT * FROM contact)
2022-12-17 10:46:28 | INFO: SQL(table: contact, query: DELETE FROM contact WHERE id =12)
2022-12-17 10:46:30 | INFO: SQL(table: contact, query: SELECT * FROM contact)
2022-12-17 10:46:30 | INFO: SQL(table: contact, query: DELETE FROM contact WHERE id =9)
2022-12-17 10:46:33 | INFO: SQL(table: contact, query: SELECT * FROM contact)
2022-12-17 10:46:33 | INFO: SQL(table: contact, query: DELETE FROM contact WHERE id =8)
2022-12-17 10:46:48 | INFO: SQL(table: contact, query: SELECT * FROM contact)
2022-12-17 10:46:48 | INFO: SQL(table: contact, query: DELETE FROM contact WHERE id =8)
2022-12-17 10:46:50 | INFO: SQL(table: contact, query: SELECT * FROM contact)
2022-12-17 10:46:50 | INFO: SQL(table: contact, query: DELETE FROM contact WHERE id =6)
2022-12-17 10:46:52 | INFO: SQL(table: contact, query: SELECT * FROM contact)
2022-12-17 10:46:52 | INFO: SQL(table: contact, query: DELETE FROM contact WHERE id =7)
2022-12-17 10:49:05 | INFO: SQL(table: contact, query: SELECT * FROM contact)
2022-12-17 10:49:33 | INFO: SQL(table: contact, query: SELECT * FROM contact)
2022-12-17 10:49:43 | INFO: SQL(table: contact, query: SELECT * FROM contact)
2022-12-17 10:50:25 | INFO: SQL(table: contact, query: SELECT * FROM contact)
2022-12-17 10:50:34 | INFO: SQL(table: contact, query: SELECT * FROM contact)
2022-12-17 10:50:37 | INFO: SQL(table: contact, query: SELECT * FROM contact)
2022-12-17 10:51:20 | INFO: SQL(table: contact, query: SELECT * FROM contact)
2022-12-17 10:51:24 | INFO: SQL(table: contact, query: SELECT * FROM contact)
2022-12-17 10:51:26 | INFO: SQL(table: contact, query: SELECT * FROM contact)
2022-12-17 10:51:28 | INFO: SQL(table: contact, query: SELECT * FROM contact)
2022-12-17 10:51:32 | INFO: SQL(table: contact, query: SELECT * FROM contact)
2022-12-17 10:51:41 | INFO: SQL(table: contact, query: SELECT * FROM contact)
2022-12-17 10:51:44 | INFO: SQL(table: contact, query: SELECT * FROM contact)
2022-12-17 10:51:54 | INFO: SQL(table: contact, query: SELECT * FROM contact)
2022-12-17 10:51:56 | INFO: SQL(table: contact, query: SELECT * FROM contact)
2022-12-17 10:51:56 | INFO: SQL(table: contact, query: DELETE FROM contact WHERE id =5)
2022-12-17 10:51:59 | INFO: SQL(table: contact, query: SELECT * FROM contact)
2022-12-17 10:51:59 | INFO: SQL(table: contact, query: DELETE FROM contact WHERE id =5)
2022-12-17 10:52:02 | INFO: SQL(table: contact, query: SELECT * FROM contact)
2022-12-17 10:52:02 | INFO: SQL(table: contact, query: DELETE FROM contact WHERE id =4)
2022-12-17 10:52:11 | INFO: SQL(table: contact, query: SELECT * FROM contact)
2022-12-17 10:52:11 | INFO: SQL(table: contact, query: DELETE FROM contact WHERE id =4)
2022-12-17 10:52:12 | INFO: SQL(table: contact, query: SELECT * FROM contact)
2022-12-17 10:52:12 | INFO: SQL(table: contact, query: DELETE FROM contact WHERE id =3)
2022-12-17 10:53:33 | INFO: SQL(table: contact, query: SELECT * FROM contact)
2022-12-17 10:53:33 | INFO: SQL(table: contact, query: DELETE FROM contact WHERE id =3)
2022-12-17 10:53:44 | INFO: SQL(table: contact, query: SELECT * FROM contact)
2022-12-17 10:53:44 | INFO: SQL(table: contact, query: DELETE FROM contact WHERE id =3)
2022-12-17 10:53:54 | INFO: SQL(table: contact, query: SELECT * FROM contact)
2022-12-17 10:53:56 | INFO: SQL(table: contact, query: SELECT * FROM contact)
2022-12-17 10:55:15 | INFO: SQL(table: contact, query: SELECT * FROM contact)
2022-12-17 10:55:17 | INFO: SQL(table: contact, query: SELECT * FROM contact)
2022-12-17 10:55:20 | INFO: SQL(table: contact, query: SELECT * FROM contact)
2022-12-17 10:55:21 | INFO: SQL(table: contact, query: SELECT * FROM contact)
2022-12-17 10:55:22 | INFO: SQL(table: contact, query: SELECT * FROM contact)
2022-12-17 10:55:23 | INFO: SQL(table: contact, query: SELECT * FROM contact)
2022-12-17 10:56:57 | INFO: SQL(table: contact, query: SELECT * FROM contact)
2022-12-17 10:56:59 | INFO: SQL(table: contact, query: SELECT * FROM contact)
2022-12-17 10:57:43 | INFO: SQL(table: contact, query: INSERT INTO contact (name,email,subject,message)  VALUES('Dai Nguyen','dai.23102002@gmail.com','a','aaaaaa'))
2022-12-17 10:57:46 | INFO: SQL(table: contact, query: INSERT INTO contact (name,email,subject,message)  VALUES('Dai Nguyen','dai.23102002@gmail.com','a','aaaaaa'))
2022-12-17 10:57:46 | INFO: SQL(table: contact, query: INSERT INTO contact (name,email,subject,message)  VALUES('Dai Nguyen','dai.23102002@gmail.com','a','aaaaaa'))
2022-12-17 10:57:47 | INFO: SQL(table: contact, query: INSERT INTO contact (name,email,subject,message)  VALUES('Dai Nguyen','dai.23102002@gmail.com','a','aaaaaa'))
2022-12-17 10:57:48 | INFO: SQL(table: contact, query: INSERT INTO contact (name,email,subject,message)  VALUES('Dai Nguyen','dai.23102002@gmail.com','a','aaaaaa'))
2022-12-17 10:57:48 | INFO: SQL(table: contact, query: INSERT INTO contact (name,email,subject,message)  VALUES('Dai Nguyen','dai.23102002@gmail.com','a','aaaaaa'))
2022-12-17 10:57:49 | INFO: SQL(table: contact, query: INSERT INTO contact (name,email,subject,message)  VALUES('Dai Nguyen','dai.23102002@gmail.com','a','aaaaaa'))
2022-12-17 10:57:56 | INFO: SQL(table: contact, query: SELECT * FROM contact)
2022-12-17 10:58:11 | INFO: SQL(table: contact, query: SELECT * FROM contact)
2022-12-17 11:02:51 | INFO: SQL(table: contact, query: SELECT * FROM contact)
2022-12-17 11:02:51 | INFO: SQL(table: contact, query: DELETE FROM contact WHERE id =26)
2022-12-17 11:02:53 | INFO: SQL(table: contact, query: SELECT * FROM contact)
2022-12-17 11:02:53 | INFO: SQL(table: contact, query: DELETE FROM contact WHERE id =27)
2022-12-17 11:02:58 | INFO: SQL(table: contact, query: SELECT * FROM contact)
2022-12-17 11:02:58 | INFO: SQL(table: contact, query: DELETE FROM contact WHERE id =25)
2022-12-17 11:03:00 | INFO: SQL(table: contact, query: SELECT * FROM contact)
2022-12-17 11:03:00 | INFO: SQL(table: contact, query: DELETE FROM contact WHERE id =25)
2022-12-17 11:04:37 | INFO: SQL(table: contact, query: SELECT * FROM contact)
2022-12-17 11:04:37 | INFO: SQL(table: contact, query: DELETE FROM contact WHERE id =25)
2022-12-17 11:04:40 | INFO: SQL(table: contact, query: SELECT * FROM contact)
2022-12-17 11:04:40 | INFO: SQL(table: contact, query: DELETE FROM contact WHERE id =23)
2022-12-17 11:09:20 | INFO: SQL(table: contact, query: SELECT * FROM contact)
2022-12-17 11:09:20 | INFO: SQL(table: contact, query: DELETE FROM contact WHERE id =24)
2022-12-17 11:09:39 | INFO: SQL(table: giangduong, query: SELECT * FROM giangduong)
2022-12-17 11:10:37 | INFO: SQL(table: contact, query: SELECT * FROM contact)
2022-12-17 11:10:37 | INFO: SQL(table: contact, query: DELETE FROM contact WHERE id =24)
2022-12-17 11:10:41 | INFO: SQL(table: contact, query: SELECT * FROM contact)
2022-12-17 11:10:41 | INFO: SQL(table: contact, query: DELETE FROM contact WHERE id =2)
2022-12-17 11:10:43 | INFO: SQL(table: contact, query: SELECT * FROM contact)
2022-12-17 11:10:43 | INFO: SQL(table: contact, query: DELETE FROM contact WHERE id =21)
2022-12-17 11:10:49 | INFO: SQL(table: contact, query: SELECT * FROM contact)
2022-12-17 11:10:49 | INFO: SQL(table: contact, query: DELETE FROM contact WHERE id =21)
2022-12-17 11:12:36 | INFO: SQL(table: giangduong, query: SELECT * FROM giangduong)
2022-12-17 11:13:16 | INFO: SQL(table: contact, query: SELECT * FROM contact)
2022-12-17 11:13:47 | INFO: SQL(table: contact, query: SELECT * FROM contact)
2022-12-17 11:14:28 | INFO: SQL(table: contact, query: SELECT * FROM contact)
2022-12-17 11:14:28 | INFO: SQL(table: contact, query: DELETE FROM contact WHERE id =1)
2022-12-17 11:14:30 | INFO: SQL(table: contact, query: SELECT * FROM contact)
2022-12-17 11:14:30 | INFO: SQL(table: contact, query: DELETE FROM contact WHERE id =1)
2022-12-17 12:53:17 | INFO: SQL(table: account, query: SELECT * FROM account WHERE username = 'a' AND password = 'a')
2022-12-17 12:53:21 | INFO: SQL(table: giangduong, query: SELECT * FROM giangduong)
2022-12-17 12:53:31 | INFO: SQL(table: giangduong, query: INSERT INTO giangduong (id_room,teacher,subject,img)  VALUES('a','â','a','../../fileUpload/imgs/  Screenshot (91).png'))
2022-12-17 12:53:33 | INFO: SQL(table: giangduong, query: INSERT INTO giangduong (id_room,teacher,subject,img)  VALUES('a','â','a','../../fileUpload/imgs/  Screenshot (91).png'))
2022-12-17 12:53:34 | INFO: SQL(table: giangduong, query: INSERT INTO giangduong (id_room,teacher,subject,img)  VALUES('a','â','a','../../fileUpload/imgs/  Screenshot (91).png'))
2022-12-17 12:53:34 | INFO: SQL(table: giangduong, query: INSERT INTO giangduong (id_room,teacher,subject,img)  VALUES('a','â','a','../../fileUpload/imgs/  Screenshot (91).png'))
2022-12-17 12:53:37 | INFO: SQL(table: giangduong, query: SELECT * FROM giangduong)
2022-12-17 12:53:40 | INFO: SQL(table: giangduong, query: SELECT * FROM giangduong)
2022-12-17 12:53:40 | INFO: SQL(table: giangduong, query: DELETE FROM giangduong WHERE id =36)
2022-12-17 12:53:40 | INFO: SQL(table: giangduong, query: SELECT * FROM giangduong)
2022-12-17 12:53:43 | INFO: SQL(table: giangduong, query: SELECT * FROM giangduong)
2022-12-17 12:53:43 | INFO: SQL(table: giangduong, query: DELETE FROM giangduong WHERE id =37)
2022-12-17 12:53:43 | INFO: SQL(table: giangduong, query: SELECT * FROM giangduong)
2022-12-17 12:54:28 | INFO: SQL(table: contact, query: SELECT * FROM contact)
2022-12-17 12:54:46 | INFO: SQL(table: contact, query: INSERT INTO contact (name,email,subject,message)  VALUES('â','a','a','a'))
2022-12-17 12:54:50 | INFO: SQL(table: contact, query: INSERT INTO contact (name,email,subject,message)  VALUES('â','a','a','a'))
2022-12-17 12:54:50 | INFO: SQL(table: contact, query: INSERT INTO contact (name,email,subject,message)  VALUES('â','a','a','a'))
2022-12-17 12:54:51 | INFO: SQL(table: contact, query: INSERT INTO contact (name,email,subject,message)  VALUES('â','a','a','a'))
2022-12-17 12:54:51 | INFO: SQL(table: contact, query: INSERT INTO contact (name,email,subject,message)  VALUES('â','a','a','a'))
2022-12-17 12:54:57 | INFO: SQL(table: contact, query: SELECT * FROM contact)
2022-12-17 12:54:59 | INFO: SQL(table: contact, query: SELECT * FROM contact)
2022-12-17 12:55:03 | INFO: SQL(table: contact, query: SELECT * FROM contact)
2022-12-17 13:00:24 | INFO: SQL(table: giangduong, query: SELECT * FROM giangduong)
2022-12-17 13:00:24 | INFO: SQL(table: giangduong, query: DELETE FROM giangduong WHERE id =38)
2022-12-17 13:00:24 | INFO: SQL(table: giangduong, query: SELECT * FROM giangduong)
2022-12-17 13:04:22 | INFO: SQL(table: contact, query: SELECT * FROM contact)
2022-12-17 13:04:46 | INFO: SQL(table: contact, query: SELECT * FROM contact)
2022-12-17 13:04:46 | INFO: SQL(table: contact, query: DELETE FROM contact WHERE id =2)
2022-12-17 13:04:46 | INFO: SQL(table: contact, query: SELECT * FROM contact)
2022-12-17 13:04:49 | INFO: SQL(table: contact, query: SELECT * FROM contact)
2022-12-17 13:04:49 | INFO: SQL(table: contact, query: DELETE FROM contact WHERE id =5)
2022-12-17 13:04:49 | INFO: SQL(table: contact, query: SELECT * FROM contact)
2022-12-17 13:04:51 | INFO: SQL(table: contact, query: SELECT * FROM contact)
2022-12-17 13:04:51 | INFO: SQL(table: contact, query: DELETE FROM contact WHERE id =3)
2022-12-17 13:04:52 | INFO: SQL(table: contact, query: SELECT * FROM contact)
2022-12-17 13:04:54 | INFO: SQL(table: contact, query: SELECT * FROM contact)
2022-12-17 13:04:54 | INFO: SQL(table: contact, query: DELETE FROM contact WHERE id =1)
2022-12-17 13:04:54 | INFO: SQL(table: contact, query: SELECT * FROM contact)
2022-12-17 13:09:32 | INFO: SQL(table: giangduong, query: SELECT * FROM giangduong)
2022-12-17 13:09:59 | INFO: SQL(table: giangduong, query: SELECT * FROM giangduong)
2022-12-17 13:10:36 | INFO: SQL(table: giangduong, query: SELECT * FROM giangduong)
2022-12-17 13:10:42 | INFO: SQL(table: giangduong, query: SELECT * FROM giangduong)
2022-12-17 13:11:11 | INFO: SQL(table: account, query: SELECT * FROM account WHERE username = 'a' AND password = 'a')
2022-12-17 13:11:20 | INFO: SQL(table: account, query: SELECT * FROM account WHERE username = 'a' AND password = 'a')
2022-12-17 13:11:53 | INFO: SQL(table: giangduong, query: SELECT * FROM giangduong)
2022-12-17 13:12:07 | INFO: SQL(table: giangduong, query: SELECT * FROM giangduong)
2022-12-17 13:12:10 | INFO: SQL(table: giangduong, query: SELECT * FROM giangduong)
2022-12-17 13:14:13 | INFO: SQL(table: contact, query: SELECT * FROM contact)
2022-12-17 13:18:24 | INFO: SQL(table: contact, query: SELECT * FROM contact)
2022-12-17 13:18:24 | INFO: SQL(table: contact, query: DELETE FROM contact WHERE id =4)
2022-12-17 13:18:24 | INFO: SQL(table: contact, query: SELECT * FROM contact)
2022-12-18 11:42:49 | INFO: SQL(table: contact, query: SELECT * FROM contact)
2022-12-18 11:43:18 | INFO: SQL(table: contact, query: SELECT * FROM contact)
2022-12-18 11:43:19 | INFO: SQL(table: contact, query: SELECT * FROM contact)
2022-12-18 11:44:03 | INFO: SQL(table: contact, query: SELECT * FROM contact)
2022-12-18 11:46:11 | INFO: SQL(table: contact, query: SELECT * FROM contact)
2022-12-18 11:47:13 | INFO: SQL(table: contact, query: SELECT * FROM contact)
2022-12-18 11:47:30 | INFO: SQL(table: contact, query: INSERT INTO contact (name,email,subject,message)  VALUES('Dai Nguyen','dai.23102002@gmail.com','CTDLGT','asdfghj'))
2022-12-18 11:47:34 | INFO: SQL(table: contact, query: INSERT INTO contact (name,email,subject,message)  VALUES('Dai Nguyen','dai.23102002@gmail.com','CTDLGT','asdfghj'))
2022-12-18 11:47:34 | INFO: SQL(table: contact, query: INSERT INTO contact (name,email,subject,message)  VALUES('Dai Nguyen','dai.23102002@gmail.com','CTDLGT','asdfghj'))
2022-12-18 11:47:35 | INFO: SQL(table: contact, query: INSERT INTO contact (name,email,subject,message)  VALUES('Dai Nguyen','dai.23102002@gmail.com','CTDLGT','asdfghj'))
2022-12-18 11:47:35 | INFO: SQL(table: contact, query: INSERT INTO contact (name,email,subject,message)  VALUES('Dai Nguyen','dai.23102002@gmail.com','CTDLGT','asdfghj'))
2022-12-18 11:47:36 | INFO: SQL(table: contact, query: INSERT INTO contact (name,email,subject,message)  VALUES('Dai Nguyen','dai.23102002@gmail.com','CTDLGT','asdfghj'))
2022-12-18 11:47:40 | INFO: SQL(table: contact, query: SELECT * FROM contact)
2022-12-18 11:48:45 | INFO: SQL(table: contact, query: SELECT * FROM contact)
2022-12-18 11:49:43 | INFO: SQL(table: contact, query: SELECT * FROM contact)
2022-12-18 11:50:09 | INFO: SQL(table: contact, query: SELECT * FROM contact)
2022-12-18 11:50:34 | INFO: SQL(table: contact, query: SELECT * FROM contact)
2022-12-18 11:50:54 | INFO: SQL(table: contact, query: SELECT * FROM contact)
2022-12-18 11:52:30 | INFO: SQL(table: contact, query: SELECT * FROM contact)
2022-12-18 11:52:54 | INFO: SQL(table: contact, query: SELECT * FROM contact)
2022-12-18 11:53:33 | INFO: SQL(table: contact, query: SELECT * FROM contact)
2022-12-18 11:54:29 | INFO: SQL(table: contact, query: SELECT * FROM contact)
2022-12-18 11:55:12 | INFO: SQL(table: contact, query: SELECT * FROM contact)
2022-12-18 11:55:50 | INFO: SQL(table: contact, query: SELECT * FROM contact)
2022-12-18 11:56:25 | INFO: SQL(table: contact, query: SELECT * FROM contact)
2022-12-18 11:56:25 | INFO: SQL(table: contact, query: DELETE FROM contact WHERE id =6)
2022-12-18 11:56:41 | INFO: SQL(table: contact, query: SELECT * FROM contact)
2022-12-18 11:56:41 | INFO: SQL(table: contact, query: DELETE FROM contact WHERE id =6)
2022-12-18 11:56:41 | INFO: SQL(table: contact, query: SELECT * FROM contact)
2022-12-18 11:56:42 | INFO: SQL(table: contact, query: SELECT * FROM contact)
2022-12-18 11:56:42 | INFO: SQL(table: contact, query: DELETE FROM contact WHERE id =10)
2022-12-18 11:56:43 | INFO: SQL(table: contact, query: SELECT * FROM contact)
2022-12-18 11:57:42 | INFO: SQL(table: contact, query: SELECT * FROM contact)
2022-12-18 11:58:21 | INFO: SQL(table: contact, query: SELECT * FROM contact)
2022-12-18 11:59:50 | INFO: SQL(table: contact, query: SELECT * FROM contact)
2022-12-18 12:01:01 | INFO: SQL(table: contact, query: SELECT * FROM contact)
2022-12-18 12:02:57 | INFO: SQL(table: contact, query: SELECT * FROM contact)
2022-12-18 12:03:43 | INFO: SQL(table: contact, query: SELECT * FROM contact)
2022-12-18 12:04:15 | INFO: SQL(table: contact, query: SELECT * FROM contact)
2022-12-18 12:04:24 | INFO: SQL(table: contact, query: SELECT * FROM contact)
2022-12-18 12:04:35 | INFO: SQL(table: contact, query: SELECT * FROM contact)
2022-12-18 12:04:51 | INFO: SQL(table: contact, query: SELECT * FROM contact)
2022-12-18 12:04:56 | INFO: SQL(table: contact, query: SELECT * FROM contact)
2022-12-18 12:04:59 | INFO: SQL(table: contact, query: SELECT * FROM contact)
2022-12-18 12:05:09 | INFO: SQL(table: contact, query: SELECT * FROM contact)
2022-12-18 12:05:23 | INFO: SQL(table: contact, query: SELECT * FROM contact)
2022-12-18 12:05:51 | INFO: SQL(table: contact, query: SELECT * FROM contact)
2022-12-18 12:07:57 | INFO: SQL(table: contact, query: SELECT * FROM contact)
2022-12-18 12:08:40 | INFO: SQL(table: contact, query: SELECT * FROM contact)
2022-12-18 12:08:49 | INFO: SQL(table: contact, query: SELECT * FROM contact)
2022-12-18 12:09:11 | INFO: SQL(table: contact, query: SELECT * FROM contact)
2022-12-18 12:09:42 | INFO: SQL(table: contact, query: SELECT * FROM contact)
2022-12-18 12:10:39 | INFO: SQL(table: contact, query: SELECT * FROM contact)
2022-12-18 12:11:05 | INFO: SQL(table: contact, query: SELECT * FROM contact)
2022-12-18 12:11:25 | INFO: SQL(table: contact, query: SELECT * FROM contact)
2022-12-18 12:12:21 | INFO: SQL(table: contact, query: SELECT * FROM contact)
2022-12-18 12:12:38 | INFO: SQL(table: contact, query: SELECT * FROM contact)
2022-12-18 12:14:35 | INFO: SQL(table: contact, query: SELECT * FROM contact)
2022-12-18 12:15:28 | INFO: SQL(table: contact, query: SELECT * FROM contact)
2022-12-18 12:15:52 | INFO: SQL(table: contact, query: SELECT * FROM contact)
2022-12-18 12:16:00 | INFO: SQL(table: contact, query: SELECT * FROM contact)
2022-12-18 12:16:11 | INFO: SQL(table: contact, query: SELECT * FROM contact)
2022-12-18 12:16:36 | INFO: SQL(table: contact, query: SELECT * FROM contact)
2022-12-18 12:16:47 | INFO: SQL(table: contact, query: SELECT * FROM contact)
2022-12-19 21:56:13 | INFO: SQL(table: contact, query: SELECT * FROM contact)
2022-12-19 21:57:53 | INFO: SQL(table: contact, query: SELECT * FROM contact)
2022-12-19 21:59:06 | INFO: SQL(table: contact, query: SELECT * FROM contact)
2022-12-19 22:01:12 | INFO: SQL(table: contact, query: SELECT * FROM contact)
2022-12-20 19:37:07 | INFO: SQL(table: user_role, query: SELECT * FROM user_role)
2022-12-20 19:40:41 | INFO: SQL(table: contact, query: SELECT * FROM contact)
2022-12-20 19:40:48 | INFO: SQL(table: contact, query: SELECT * FROM contact)
2022-12-20 19:43:22 | INFO: SQL(table: roles, query: SELECT * FROM roles)
2022-12-20 19:49:01 | INFO: SQL(table: roles, query: SELECT * FROM roles)
2022-12-20 19:49:33 | INFO: SQL(table: roles, query: SELECT * FROM roles)
2022-12-20 19:49:51 | INFO: SQL(table: roles, query: SELECT * FROM roles)
2022-12-20 19:49:59 | INFO: SQL(table: roles, query: SELECT * FROM roles)
2022-12-20 19:50:41 | INFO: SQL(table: roles, query: SELECT * FROM roles)
2022-12-22 17:30:07 | INFO: SQL(table: contact, query: SELECT * FROM contact)
2022-12-22 17:31:28 | INFO: SQL(table: contact, query: SELECT * FROM contact)
2022-12-23 18:28:52 | INFO: SQL(table: contact, query: SELECT * FROM contact)
2022-12-23 18:29:08 | INFO: SQL(table: contact, query: SELECT * FROM contact)
2022-12-23 18:42:14 | INFO: SQL(table: contact, query: SELECT * FROM contact)
2022-12-23 18:43:45 | INFO: SQL(table: contact, query: SELECT * FROM contact)
2022-12-23 18:50:36 | INFO: SQL(table: contact, query: SELECT * FROM contact)
2022-12-23 18:50:54 | INFO: SQL(table: contact, query: SELECT * FROM contact)
2022-12-23 18:52:16 | INFO: SQL(table: contact, query: SELECT * FROM contact)
2022-12-23 18:52:28 | INFO: SQL(table: contact, query: SELECT * FROM contact)
2022-12-23 18:52:47 | INFO: SQL(table: contact, query: SELECT * FROM contact)
2022-12-23 18:53:49 | INFO: SQL(table: contact, query: SELECT * FROM contact)
2022-12-29 10:22:56 | INFO: SQL(table: contact, query: SELECT * FROM contact)
2022-12-29 10:23:25 | INFO: SQL(table: contact, query: SELECT * FROM contact)
2022-12-29 10:23:27 | INFO: SQL(table: contact, query: SELECT * FROM contact)
2022-12-29 10:23:27 | INFO: SQL(table: contact, query: DELETE FROM contact WHERE id =7)
2022-12-29 10:23:29 | INFO: SQL(table: contact, query: SELECT * FROM contact)
2022-12-29 10:23:29 | INFO: SQL(table: contact, query: DELETE FROM contact WHERE id =11)
2022-12-30 13:39:11 | INFO: SQL(table: contact, query: SELECT * FROM contact)
2022-12-30 13:39:27 | INFO: SQL(table: contact, query: SELECT * FROM contact)
2022-12-30 13:39:38 | INFO: SQL(table: contact, query: SELECT * FROM contact)
2022-12-30 13:40:14 | INFO: SQL(table: contact, query: SELECT * FROM contact)
2022-12-30 13:41:42 | INFO: SQL(table: contact, query: SELECT * FROM contact)
2022-12-30 13:41:42 | INFO: SQL(table: contact, query: DELETE FROM contact WHERE id =8)
2022-12-30 13:41:42 | INFO: SQL(table: contact, query: SELECT * FROM contact)
2022-12-30 13:45:22 | INFO: SQL(table: contact, query: SELECT * FROM contact)
2022-12-30 13:45:24 | INFO: SQL(table: contact, query: SELECT * FROM contact)
2022-12-30 13:45:25 | INFO: SQL(table: contact, query: SELECT * FROM contact)
2022-12-30 13:45:26 | INFO: SQL(table: contact, query: SELECT * FROM contact)
2022-12-30 13:45:28 | INFO: SQL(table: contact, query: SELECT * FROM contact)
2022-12-30 13:45:31 | INFO: SQL(table: contact, query: SELECT * FROM contact)
2022-12-30 13:45:52 | INFO: SQL(table: contact, query: SELECT * FROM contact)
2022-12-30 13:46:29 | INFO: SQL(table: contact, query: SELECT * FROM contact)
2022-12-30 13:46:31 | INFO: SQL(table: contact, query: SELECT * FROM contact)
2022-12-30 13:46:32 | INFO: SQL(table: contact, query: SELECT * FROM contact)
2022-12-30 13:46:32 | INFO: SQL(table: contact, query: SELECT * FROM contact)
2022-12-30 13:46:33 | INFO: SQL(table: contact, query: SELECT * FROM contact)
2022-12-30 13:46:40 | INFO: SQL(table: contact, query: SELECT * FROM contact)
2022-12-30 13:47:10 | INFO: SQL(table: contact, query: SELECT * FROM contact)
2022-12-30 13:47:11 | INFO: SQL(table: contact, query: SELECT * FROM contact)
2022-12-30 13:47:12 | INFO: SQL(table: contact, query: SELECT * FROM contact)
2022-12-30 13:47:12 | INFO: SQL(table: contact, query: SELECT * FROM contact)
2022-12-30 13:48:04 | INFO: SQL(table: contact, query: SELECT * FROM contact)
2022-12-30 13:48:09 | INFO: SQL(table: contact, query: SELECT * FROM contact)
2022-12-30 13:48:41 | INFO: SQL(table: contact, query: SELECT * FROM contact)
2022-12-30 13:49:04 | INFO: SQL(table: contact, query: SELECT * FROM contact)
2022-12-30 13:49:05 | INFO: SQL(table: contact, query: SELECT * FROM contact)
2022-12-30 13:49:06 | INFO: SQL(table: contact, query: SELECT * FROM contact)
2022-12-30 13:49:07 | INFO: SQL(table: contact, query: SELECT * FROM contact)
2022-12-30 13:49:09 | INFO: SQL(table: contact, query: SELECT * FROM contact)
2022-12-30 13:49:10 | INFO: SQL(table: contact, query: SELECT * FROM contact)
2022-12-30 13:49:12 | INFO: SQL(table: contact, query: SELECT * FROM contact)
2022-12-30 13:49:14 | INFO: SQL(table: contact, query: SELECT * FROM contact)
2022-12-30 13:49:19 | INFO: SQL(table: contact, query: SELECT * FROM contact)
2022-12-30 13:51:29 | INFO: SQL(table: contact, query: SELECT * FROM contact)
2022-12-30 13:51:33 | INFO: SQL(table: contact, query: SELECT * FROM contact)
2022-12-30 13:53:52 | INFO: SQL(table: contact, query: SELECT * FROM contact)
2022-12-30 13:53:55 | INFO: SQL(table: contact, query: SELECT * FROM contact)
2022-12-30 13:56:41 | INFO: SQL(table: contact, query: SELECT * FROM contact)
2022-12-30 14:17:18 | INFO: SQL(table: contact, query: SELECT * FROM contact)
2022-12-30 14:17:20 | INFO: SQL(table: contact, query: SELECT * FROM contact)
2022-12-30 14:17:27 | INFO: SQL(table: contact, query: SELECT * FROM contact)
2022-12-30 14:17:29 | INFO: SQL(table: contact, query: SELECT * FROM contact)
2022-12-30 14:19:08 | INFO: SQL(table: contact, query: SELECT * FROM contact)
2022-12-30 14:19:45 | INFO: SQL(table: contact, query: SELECT * FROM contact)
2022-12-30 14:20:30 | INFO: SQL(table: contact, query: SELECT * FROM contact)
2022-12-30 14:20:44 | INFO: SQL(table: contact, query: SELECT * FROM contact)
2022-12-30 14:20:51 | INFO: SQL(table: contact, query: SELECT * FROM contact)
2022-12-30 14:20:51 | INFO: SQL(table: contact, query: DELETE FROM contact WHERE id =9)
2022-12-30 14:20:51 | INFO: SQL(table: contact, query: SELECT * FROM contact)
2022-12-30 14:21:06 | INFO: SQL(table: contact, query: INSERT INTO contact (name,email,subject,message)  VALUES('HTML  CSS Basic NEW','dai02@gmail.com','CTDLGT','it message'))
2022-12-30 14:21:07 | INFO: SQL(table: contact, query: INSERT INTO contact (name,email,subject,message)  VALUES('HTML  CSS Basic NEW','dai02@gmail.com','CTDLGT','it message'))
2022-12-30 14:21:08 | INFO: SQL(table: contact, query: INSERT INTO contact (name,email,subject,message)  VALUES('HTML  CSS Basic NEW','dai02@gmail.com','CTDLGT','it message'))
2022-12-30 14:21:19 | INFO: SQL(table: contact, query: SELECT * FROM contact)
2022-12-30 14:35:44 | INFO: SQL(table: contact, query: SELECT * FROM contact)
2022-12-30 14:35:50 | INFO: SQL(table: contact, query: SELECT * FROM contact)
2022-12-30 14:35:50 | INFO: SQL(table: contact, query: DELETE FROM contact WHERE id =14)
2022-12-30 14:35:52 | INFO: SQL(table: contact, query: SELECT * FROM contact)
2022-12-30 14:35:52 | INFO: SQL(table: contact, query: DELETE FROM contact WHERE id =14)
2022-12-30 14:35:52 | INFO: SQL(table: contact, query: SELECT * FROM contact)
2022-12-30 14:35:54 | INFO: SQL(table: contact, query: SELECT * FROM contact)
2022-12-30 14:35:54 | INFO: SQL(table: contact, query: DELETE FROM contact WHERE id =13)
2022-12-30 14:35:54 | INFO: SQL(table: contact, query: SELECT * FROM contact)
2022-12-30 14:43:28 | INFO: SQL(table: room, query: SELECT * FROM room)
2022-12-30 14:43:45 | INFO: SQL(table: room, query: SELECT * FROM room)
2022-12-30 14:43:53 | INFO: SQL(table: room, query: SELECT * FROM room)
2022-12-30 14:44:32 | INFO: SQL(table: room, query: SELECT * FROM room)
2022-12-30 14:45:02 | INFO: SQL(table: room, query: SELECT * FROM room)
2022-12-30 14:45:27 | INFO: SQL(table: room, query: SELECT * FROM room)
2022-12-30 14:46:39 | INFO: SQL(table: room, query: SELECT * FROM room)
2022-12-30 14:46:48 | INFO: SQL(table: room, query: SELECT * FROM room)
2022-12-30 14:49:12 | INFO: SQL(table: room, query: SELECT * FROM room)
2022-12-30 14:49:40 | INFO: SQL(table: room, query: SELECT * FROM room)
2022-12-30 14:51:30 | INFO: SQL(table: contact, query: SELECT * FROM contact)
2022-12-30 14:53:23 | INFO: SQL(table: room, query: SELECT * FROM room)
2022-12-30 14:54:08 | INFO: SQL(table: room, query: SELECT * FROM room)
2022-12-30 14:54:27 | INFO: SQL(table: room, query: SELECT * FROM room)
2022-12-30 14:54:33 | INFO: SQL(table: room, query: SELECT * FROM room)
2022-12-30 14:54:41 | INFO: SQL(table: room, query: SELECT * FROM room)
2022-12-30 14:54:49 | INFO: SQL(table: room, query: SELECT * FROM room)
2022-12-30 14:54:56 | INFO: SQL(table: room, query: SELECT * FROM room)
2022-12-30 14:55:34 | INFO: SQL(table: room, query: SELECT * FROM room)
2022-12-30 14:56:53 | INFO: SQL(table: room, query: SELECT * FROM room)
2022-12-30 14:57:13 | INFO: SQL(table: room, query: SELECT * FROM room)
2022-12-30 14:57:36 | INFO: SQL(table: room, query: SELECT * FROM room)
2022-12-30 14:57:41 | INFO: SQL(table: room, query: SELECT * FROM room)
2022-12-30 14:57:47 | INFO: SQL(table: room, query: SELECT * FROM room)
2022-12-30 14:57:54 | INFO: SQL(table: room, query: SELECT * FROM room)
2022-12-30 14:57:57 | INFO: SQL(table: room, query: SELECT * FROM room)
2022-12-30 14:58:12 | INFO: SQL(table: room, query: SELECT * FROM room)
2022-12-30 14:58:42 | INFO: SQL(table: room, query: SELECT * FROM room)
2022-12-30 14:59:04 | INFO: SQL(table: room, query: SELECT * FROM room)
2022-12-30 14:59:06 | INFO: SQL(table: room, query: SELECT * FROM room)
2022-12-30 14:59:06 | INFO: SQL(table: room, query: DELETE FROM room WHERE id =3)
2022-12-30 14:59:08 | INFO: SQL(table: room, query: SELECT * FROM room)
2022-12-30 14:59:08 | INFO: SQL(table: room, query: DELETE FROM room WHERE id =3)
2022-12-30 14:59:11 | INFO: SQL(table: room, query: SELECT * FROM room)
2022-12-30 14:59:11 | INFO: SQL(table: room, query: DELETE FROM room WHERE id =4)
2022-12-30 14:59:13 | INFO: SQL(table: room, query: SELECT * FROM room)
2022-12-30 14:59:13 | INFO: SQL(table: room, query: DELETE FROM room WHERE id =4)
2022-12-30 14:59:18 | INFO: SQL(table: room, query: SELECT * FROM room)
2022-12-30 14:59:21 | INFO: SQL(table: room, query: SELECT * FROM room)
2022-12-30 14:59:21 | INFO: SQL(table: room, query: DELETE FROM room WHERE id =6)
2022-12-30 14:59:24 | INFO: SQL(table: room, query: SELECT * FROM room)
2022-12-30 14:59:24 | INFO: SQL(table: room, query: DELETE FROM room WHERE id =5)
2022-12-30 14:59:27 | INFO: SQL(table: room, query: SELECT * FROM room)
2022-12-30 14:59:27 | INFO: SQL(table: room, query: DELETE FROM room WHERE id =5)
2022-12-30 14:59:35 | INFO: SQL(table: room, query: SELECT * FROM room)
2022-12-30 14:59:35 | INFO: SQL(table: room, query: DELETE FROM room WHERE id =2)
2022-12-30 14:59:37 | INFO: SQL(table: room, query: SELECT * FROM room)
2022-12-30 14:59:37 | INFO: SQL(table: room, query: DELETE FROM room WHERE id =1)
2022-12-30 14:59:43 | INFO: SQL(table: room, query: SELECT * FROM room)
2022-12-30 14:59:43 | INFO: SQL(table: room, query: DELETE FROM room WHERE id =1)
2022-12-30 14:59:49 | INFO: SQL(table: room, query: SELECT * FROM room)
2022-12-30 14:59:57 | INFO: SQL(table: room, query: SELECT * FROM room)
2022-12-30 15:00:01 | INFO: SQL(table: room, query: SELECT * FROM room)
2022-12-30 15:00:01 | INFO: SQL(table: room, query: DELETE FROM room WHERE id =9)
2022-12-30 15:00:08 | INFO: SQL(table: room, query: SELECT * FROM room)
2022-12-30 15:00:08 | INFO: SQL(table: room, query: DELETE FROM room WHERE id =9)
2022-12-30 15:00:31 | INFO: SQL(table: room, query: SELECT * FROM room)
2022-12-30 15:00:31 | INFO: SQL(table: room, query: DELETE FROM room WHERE id =9)
2022-12-30 15:00:31 | INFO: SQL(table: room, query: SELECT * FROM room)
2022-12-30 15:00:33 | INFO: SQL(table: room, query: SELECT * FROM room)
2022-12-30 15:00:33 | INFO: SQL(table: room, query: DELETE FROM room WHERE id =11)
2022-12-30 15:00:33 | INFO: SQL(table: room, query: SELECT * FROM room)
2022-12-30 15:00:36 | INFO: SQL(table: room, query: SELECT * FROM room)
2022-12-30 15:00:36 | INFO: SQL(table: room, query: DELETE FROM room WHERE id =10)
2022-12-30 15:00:36 | INFO: SQL(table: room, query: SELECT * FROM room)
2022-12-30 15:14:01 | INFO: SQL(table: contact, query: SELECT * FROM contact)
2022-12-30 15:14:03 | INFO: SQL(table: contact, query: SELECT * FROM contact)
2022-12-30 15:31:32 | INFO: SQL(table: room, query: INSERT INTO room (name,description,img,rate)  VALUES('Supper','this supper room','/_Ky5/PHP/src/fileUpload/imgsScreenshot (89).png',1000))
2022-12-30 15:31:47 | INFO: SQL(table: contact, query: SELECT * FROM contact)
2022-12-30 15:31:55 | INFO: SQL(table: contact, query: SELECT * FROM contact)
2022-12-30 15:32:13 | INFO: SQL(table: room, query: SELECT * FROM room)
2022-12-30 15:38:02 | INFO: SQL(table: contact, query: SELECT * FROM contact)
2022-12-30 15:38:30 | INFO: SQL(table: contact, query: SELECT * FROM contact)
2022-12-30 15:39:05 | INFO: SQL(table: contact, query: SELECT * FROM contact)
2022-12-30 15:45:00 | INFO: SQL(table: contact, query: SELECT * FROM contact)
2022-12-30 15:45:00 | INFO: SQL(table: contact, query: DELETE FROM contact WHERE id =12)
2022-12-30 15:45:00 | INFO: SQL(table: contact, query: SELECT * FROM contact)
2022-12-30 15:45:15 | INFO: SQL(table: room, query: SELECT * FROM room)
2022-12-30 15:47:01 | INFO: SQL(table: room, query: SELECT * FROM room)
2022-12-30 15:47:42 | INFO: SQL(table: room, query: SELECT * FROM room)
2022-12-30 15:48:00 | INFO: SQL(table: room, query: SELECT * FROM room)
2022-12-30 15:48:11 | INFO: SQL(table: room, query: SELECT * FROM room)
2022-12-30 15:48:27 | INFO: SQL(table: room, query: SELECT * FROM room)
2022-12-30 15:48:33 | INFO: SQL(table: room, query: SELECT * FROM room)
2022-12-30 15:50:17 | INFO: SQL(table: room, query: SELECT * FROM room)
2022-12-30 15:50:32 | INFO: SQL(table: room, query: SELECT * FROM room)
2022-12-30 15:51:35 | INFO: SQL(table: room, query: SELECT * FROM room)
2022-12-30 15:51:52 | INFO: SQL(table: room, query: SELECT * FROM room)
2022-12-30 15:52:34 | INFO: SQL(table: room, query: SELECT * FROM room)
2022-12-30 15:53:23 | INFO: SQL(table: room, query: SELECT * FROM room)
2022-12-30 15:53:41 | INFO: SQL(table: room, query: SELECT * FROM room)
2022-12-30 15:53:55 | INFO: SQL(table: room, query: SELECT * FROM room)
2022-12-30 15:54:34 | INFO: SQL(table: room, query: SELECT * FROM room)
2022-12-30 15:55:55 | INFO: SQL(table: room, query: INSERT INTO room (name,description,img,rate)  VALUES('computer','lt mobile java','/_Ky5/PHP/src/fileUpload/imgs/Screenshot (91).png',1000))
2022-12-30 15:56:02 | INFO: SQL(table: room, query: SELECT * FROM room)
2022-12-30 15:58:04 | INFO: SQL(table: room, query: SELECT * FROM room)
2022-12-30 15:58:15 | INFO: SQL(table: room, query: INSERT INTO room (name,description,img,rate)  VALUES('computerrr','lt mobile java','../../../fileUpload/imgs/Screenshot (91).png',1000))
2022-12-30 15:58:17 | INFO: SQL(table: room, query: INSERT INTO room (name,description,img,rate)  VALUES('computerrr','lt mobile java','../../../fileUpload/imgs/Screenshot (91).png',1000))
2022-12-30 15:58:17 | INFO: SQL(table: room, query: INSERT INTO room (name,description,img,rate)  VALUES('computerrr','lt mobile java','../../../fileUpload/imgs/Screenshot (91).png',1000))
2022-12-30 15:58:22 | INFO: SQL(table: contact, query: SELECT * FROM contact)
2022-12-30 15:58:24 | INFO: SQL(table: room, query: SELECT * FROM room)
2022-12-30 15:59:17 | INFO: SQL(table: room, query: SELECT * FROM room)
2022-12-30 15:59:17 | INFO: SQL(table: room, query: DELETE FROM room WHERE id =16)
2022-12-30 15:59:17 | INFO: SQL(table: room, query: SELECT * FROM room)
2022-12-30 15:59:22 | INFO: SQL(table: room, query: SELECT * FROM room)
2022-12-30 15:59:22 | INFO: SQL(table: room, query: DELETE FROM room WHERE id =8)
2022-12-30 15:59:22 | INFO: SQL(table: room, query: SELECT * FROM room)
2022-12-30 15:59:24 | INFO: SQL(table: room, query: SELECT * FROM room)
2022-12-30 15:59:24 | INFO: SQL(table: room, query: DELETE FROM room WHERE id =7)
2022-12-30 15:59:24 | INFO: SQL(table: room, query: SELECT * FROM room)
2022-12-30 15:59:26 | INFO: SQL(table: room, query: SELECT * FROM room)
2022-12-30 15:59:26 | INFO: SQL(table: room, query: DELETE FROM room WHERE id =15)
2022-12-30 15:59:26 | INFO: SQL(table: room, query: SELECT * FROM room)
2022-12-30 15:59:28 | INFO: SQL(table: room, query: SELECT * FROM room)
2022-12-30 15:59:28 | INFO: SQL(table: room, query: DELETE FROM room WHERE id =14)
2022-12-30 15:59:28 | INFO: SQL(table: room, query: SELECT * FROM room)
2022-12-30 15:59:41 | INFO: SQL(table: room, query: INSERT INTO room (name,description,img,rate)  VALUES('computer','lt mobile java','S:/_Ky5/PHP/src/fileUpload/imgs/Screenshot (92).png',1000))
2022-12-30 15:59:44 | INFO: SQL(table: room, query: SELECT * FROM room)
2022-12-30 16:00:22 | INFO: SQL(table: room, query: SELECT * FROM room)
2022-12-30 16:00:32 | INFO: SQL(table: room, query: INSERT INTO room (name,description,img,rate)  VALUES('HTML  CSS Basic NEW','12','../../fileUpload/imgs/Screenshot (91).png',1000))
2022-12-30 16:00:33 | INFO: SQL(table: room, query: SELECT * FROM room)
2022-12-30 16:01:02 | INFO: SQL(table: room, query: SELECT * FROM room)
2022-12-30 16:01:04 | INFO: SQL(table: room, query: SELECT * FROM room)
2022-12-30 16:01:04 | INFO: SQL(table: room, query: DELETE FROM room WHERE id =18)
2022-12-30 16:01:04 | INFO: SQL(table: room, query: SELECT * FROM room)
2022-12-30 16:01:35 | INFO: SQL(table: room, query: SELECT * FROM room)
2022-12-30 16:02:05 | INFO: SQL(table: room, query: SELECT * FROM room)
2022-12-30 16:02:05 | INFO: SQL(table: room, query: DELETE FROM room WHERE id =12)
2022-12-30 16:02:05 | INFO: SQL(table: room, query: SELECT * FROM room)
2022-12-30 16:11:56 | INFO: SQL(table: contact, query: SELECT * FROM contact)
2022-12-30 16:12:34 | INFO: SQL(table: contact, query: SELECT * FROM contact)
2022-12-30 16:12:37 | INFO: SQL(table: contact, query: SELECT * FROM contact)
2022-12-30 16:12:38 | INFO: SQL(table: contact, query: SELECT * FROM contact)
2022-12-30 16:12:39 | INFO: SQL(table: contact, query: SELECT * FROM contact)
2022-12-30 16:12:51 | INFO: SQL(table: contact, query: SELECT * FROM contact)
2022-12-30 16:12:52 | INFO: SQL(table: contact, query: SELECT * FROM contact)
2022-12-30 16:12:53 | INFO: SQL(table: contact, query: SELECT * FROM contact)
2022-12-30 16:12:53 | INFO: SQL(table: contact, query: SELECT * FROM contact)
2022-12-30 16:12:54 | INFO: SQL(table: contact, query: SELECT * FROM contact)
2022-12-30 16:12:54 | INFO: SQL(table: contact, query: SELECT * FROM contact)
2022-12-30 16:12:55 | INFO: SQL(table: contact, query: SELECT * FROM contact)
2022-12-30 16:12:55 | INFO: SQL(table: contact, query: SELECT * FROM contact)
2022-12-30 16:12:55 | INFO: SQL(table: contact, query: SELECT * FROM contact)
2022-12-30 16:12:57 | INFO: SQL(table: contact, query: SELECT * FROM contact)
2022-12-30 16:13:06 | INFO: SQL(table: contact, query: SELECT * FROM contact)
2022-12-30 16:13:07 | INFO: SQL(table: contact, query: SELECT * FROM contact)
2022-12-30 16:13:32 | INFO: SQL(table: contact, query: SELECT * FROM contact)
2022-12-30 16:13:33 | INFO: SQL(table: contact, query: SELECT * FROM contact)
2022-12-30 16:13:42 | INFO: SQL(table: room, query: INSERT INTO room (name,description,img,rate)  VALUES('HTML  CSS Basic NEW','12','../../fileUpload/imgs/Screenshot (91).png',1000))
2022-12-30 16:14:53 | INFO: SQL(table: room, query: INSERT INTO room (name,description,img,rate)  VALUES('Room','roommm','../../fileUpload/imgs/Screenshot (84).png',123))
2022-12-30 16:15:26 | INFO: SQL(table: room, query: SELECT * FROM room)
2022-12-30 16:17:23 | INFO: SQL(table: room, query: SELECT * FROM room)
2022-12-30 16:18:39 | INFO: SQL(table: contact, query: SELECT * FROM contact)
2022-12-30 16:18:45 | INFO: SQL(table: contact, query: SELECT * FROM contact)
2022-12-30 16:18:58 | INFO: SQL(table: contact, query: SELECT * FROM contact)
2022-12-30 16:19:44 | INFO: SQL(table: contact, query: INSERT INTO contact (name,email,subject,message)  VALUES('HTML  CSS Basic NEW','dai02@gmail.com','CTDLGT','sad'))
2022-12-30 16:19:49 | INFO: SQL(table: contact, query: SELECT * FROM contact)
2022-12-30 16:19:50 | INFO: SQL(table: contact, query: SELECT * FROM contact)
2022-12-30 16:19:50 | INFO: SQL(table: contact, query: DELETE FROM contact WHERE id =15)
2022-12-30 16:19:50 | INFO: SQL(table: contact, query: SELECT * FROM contact)
2022-12-30 16:22:52 | INFO: SQL(table: room, query: SELECT * FROM room WHERE id = 17)
2022-12-30 16:23:11 | INFO: SQL(table: room, query: SELECT * FROM room WHERE id = 13)
2022-12-30 16:23:40 | INFO: SQL(table: room, query: SELECT * FROM room)
2022-12-30 16:23:41 | INFO: SQL(table: room, query: SELECT * FROM room WHERE id = 13)
2022-12-30 16:24:07 | INFO: SQL(table: room, query: SELECT * FROM room WHERE id = 13)
2022-12-30 16:24:39 | INFO: SQL(table: room, query: SELECT * FROM room WHERE id = 13)
2022-12-30 16:24:45 | INFO: SQL(table: room, query: SELECT * FROM room WHERE id = 19)
2022-12-30 16:25:25 | INFO: SQL(table: room, query: SELECT * FROM room WHERE id = 19)
2022-12-30 16:25:41 | INFO: SQL(table: room, query: SELECT * FROM room WHERE id = 19)
2022-12-30 16:25:54 | INFO: SQL(table: room, query: SELECT * FROM room WHERE id = 19)
2022-12-30 16:25:54 | INFO: SQL(table: room, query: INSERT INTO room (name,description,img,rate)  VALUES('HTML  CSS Basic NEW','update','../../fileUpload/imgs/Screenshot (93).png',1000))
2022-12-30 16:26:12 | INFO: SQL(table: room, query: SELECT * FROM room WHERE id = 19)
2022-12-30 16:26:12 | INFO: SQL(table: room, query: UPDATE room SET id='19',name='HTML  CSS Basic NEW',description='update',img='../../fileUpload/imgs/Screenshot (93).png',rate=1000 WHERE id =19)
2022-12-30 16:26:26 | INFO: SQL(table: room, query: SELECT * FROM room WHERE id = 19)
2022-12-30 16:26:32 | INFO: SQL(table: room, query: SELECT * FROM room WHERE id = 19)
2022-12-30 16:26:38 | INFO: SQL(table: room, query: SELECT * FROM room)
2022-12-30 16:29:58 | INFO: SQL(table: room, query: INSERT INTO room (name,description,img,rate)  VALUES('computer','lt mobile java','S:\_Ky5/php/src/fileUpload/imgs/Screenshot (92).png',1000))
2022-12-30 16:30:03 | INFO: SQL(table: room, query: SELECT * FROM room)
2022-12-30 16:30:45 | INFO: SQL(table: room, query: SELECT * FROM room)
2022-12-30 16:30:54 | INFO: SQL(table: room, query: INSERT INTO room (name,description,img,rate)  VALUES('HTML  CSS Basic NEW','lt mb','S:\_Ky5/PHP/src/fileUpload/imgs/',1000))
2022-12-30 16:30:57 | INFO: SQL(table: room, query: SELECT * FROM room)
2022-12-30 16:36:33 | INFO: SQL(table: contact, query: INSERT INTO contact (name,email,subject,message)  VALUES('computer','dai02@gmail.com','CTDLGT','sdasdasdasd'))
2022-12-30 16:36:37 | INFO: SQL(table: contact, query: SELECT * FROM contact)
2022-12-30 16:37:36 | INFO: SQL(table: room, query: SELECT * FROM room)
2022-12-30 16:37:38 | INFO: SQL(table: room, query: SELECT * FROM room)
2022-12-30 16:37:38 | INFO: SQL(table: room, query: DELETE FROM room WHERE id =23)
2022-12-30 16:37:38 | INFO: SQL(table: room, query: SELECT * FROM room)
2022-12-30 16:37:39 | INFO: SQL(table: room, query: SELECT * FROM room)
2022-12-30 16:37:39 | INFO: SQL(table: room, query: DELETE FROM room WHERE id =22)
2022-12-30 16:37:39 | INFO: SQL(table: room, query: SELECT * FROM room)
2022-12-30 16:37:39 | INFO: SQL(table: room, query: SELECT * FROM room)
2022-12-30 16:37:39 | INFO: SQL(table: room, query: DELETE FROM room WHERE id =21)
2022-12-30 16:37:40 | INFO: SQL(table: room, query: SELECT * FROM room)
2022-12-30 16:37:40 | INFO: SQL(table: room, query: SELECT * FROM room)
2022-12-30 16:37:40 | INFO: SQL(table: room, query: DELETE FROM room WHERE id =20)
2022-12-30 16:37:40 | INFO: SQL(table: room, query: SELECT * FROM room)
2022-12-30 16:37:40 | INFO: SQL(table: room, query: SELECT * FROM room)
2022-12-30 16:37:40 | INFO: SQL(table: room, query: DELETE FROM room WHERE id =19)
2022-12-30 16:37:40 | INFO: SQL(table: room, query: SELECT * FROM room)
2022-12-30 16:37:42 | INFO: SQL(table: room, query: SELECT * FROM room)
2022-12-30 16:37:42 | INFO: SQL(table: room, query: DELETE FROM room WHERE id =17)
2022-12-30 16:37:42 | INFO: SQL(table: room, query: SELECT * FROM room)
2022-12-30 16:37:43 | INFO: SQL(table: room, query: SELECT * FROM room WHERE id = 13)
2023-01-13 07:52:18 | INFO: SQL(table: room, query: INSERT INTO room (name,description,img,rate)  VALUES('HTML  CSS Basic NEW','lt mobile java','S:/_Ky5/PHP/src/fileUpload/imgs/Screenshot (91).png',123))
2023-01-13 07:54:05 | INFO: SQL(table: contact, query: SELECT * FROM contact)
2023-01-13 07:54:07 | INFO: SQL(table: contact, query: SELECT * FROM contact)
2023-01-13 07:54:26 | INFO: SQL(table: contact, query: SELECT * FROM contact)
2023-01-13 07:54:26 | INFO: SQL(table: contact, query: DELETE FROM contact WHERE id =16)
2023-01-13 07:54:26 | INFO: SQL(table: contact, query: SELECT * FROM contact)
2023-01-13 08:00:25 | INFO: SQL(table: contact, query: SELECT * FROM contact)
2023-01-13 08:00:57 | INFO: SQL(table: room, query: SELECT * FROM room)
2023-01-13 08:05:05 | INFO: SQL(table: room, query: INSERT INTO room (name,description,img,rate)  VALUES('HTML  CSS Basic NEW','12','_/Ky5/PHP/src/fileUpload/imgs/Screenshot (90).png',1111))
2023-01-13 08:05:10 | INFO: SQL(table: room, query: SELECT * FROM room)
2023-01-13 08:06:29 | INFO: SQL(table: room, query: INSERT INTO room (name,description,img,rate)  VALUES('HTML  CSS Basic NEW','231','/_Ky5/PHP/src/fileUpload/imgs/Screenshot (91).png',123))
2023-01-13 08:06:32 | INFO: SQL(table: room, query: SELECT * FROM room)
2023-01-13 08:09:48 | INFO: SQL(table: room, query: SELECT * FROM room)
2023-01-13 08:11:46 | INFO: SQL(table: room, query: SELECT * FROM room)
2023-01-13 08:12:18 | INFO: SQL(table: room, query: INSERT INTO room (name,description,img,rate)  VALUES('asdasd','saddas','/src/fileUpload/imgs/Screenshot (84).png',123))
2023-01-13 08:12:21 | INFO: SQL(table: room, query: SELECT * FROM room)
2023-01-13 08:15:24 | INFO: SQL(table: room, query: SELECT * FROM room)
2023-01-13 08:17:36 | INFO: SQL(table: room, query: SELECT * FROM room)
2023-01-13 08:18:27 | INFO: SQL(table: room, query: SELECT * FROM room)
2023-01-13 08:18:32 | INFO: SQL(table: room, query: SELECT * FROM room)
2023-01-13 08:22:02 | INFO: SQL(table: room, query: INSERT INTO room (name,description,img,rate)  VALUES('Dai Nguyen','s','/PHP/src/fileUpload/imgs/Screenshot (106).png',1000))
2023-01-13 08:22:10 | INFO: SQL(table: room, query: SELECT * FROM room)
2023-01-13 08:22:20 | INFO: SQL(table: room, query: SELECT * FROM room)
2023-01-13 08:23:09 | INFO: SQL(table: room, query: INSERT INTO room (name,description,img,rate)  VALUES('computer','12','S:/_Ky5/PHP/src/fileUpload/imgs/Screenshot (111).png',123))
2023-01-13 08:23:09 | INFO: SQL(table: room, query: SELECT * FROM room)
2023-01-13 08:23:44 | INFO: SQL(table: room, query: SELECT * FROM room)
2023-01-13 08:23:44 | INFO: SQL(table: room, query: DELETE FROM room WHERE id =29)
2023-01-13 08:23:44 | INFO: SQL(table: room, query: SELECT * FROM room)
2023-01-13 08:23:45 | INFO: SQL(table: room, query: SELECT * FROM room)
2023-01-13 08:23:45 | INFO: SQL(table: room, query: DELETE FROM room WHERE id =28)
2023-01-13 08:23:45 | INFO: SQL(table: room, query: SELECT * FROM room)
2023-01-13 08:23:46 | INFO: SQL(table: room, query: SELECT * FROM room)
2023-01-13 08:23:46 | INFO: SQL(table: room, query: DELETE FROM room WHERE id =27)
2023-01-13 08:23:46 | INFO: SQL(table: room, query: SELECT * FROM room)
2023-01-13 08:23:47 | INFO: SQL(table: room, query: SELECT * FROM room)
2023-01-13 08:23:47 | INFO: SQL(table: room, query: DELETE FROM room WHERE id =26)
2023-01-13 08:23:47 | INFO: SQL(table: room, query: SELECT * FROM room)
2023-01-13 08:23:48 | INFO: SQL(table: room, query: SELECT * FROM room)
2023-01-13 08:23:48 | INFO: SQL(table: room, query: DELETE FROM room WHERE id =25)
2023-01-13 08:23:48 | INFO: SQL(table: room, query: SELECT * FROM room)
2023-01-13 08:23:49 | INFO: SQL(table: room, query: SELECT * FROM room)
2023-01-13 08:23:49 | INFO: SQL(table: room, query: DELETE FROM room WHERE id =24)
2023-01-13 08:23:49 | INFO: SQL(table: room, query: SELECT * FROM room)
2023-01-13 08:23:50 | INFO: SQL(table: room, query: SELECT * FROM room)
2023-01-13 08:23:50 | INFO: SQL(table: room, query: DELETE FROM room WHERE id =13)
2023-01-13 08:23:50 | INFO: SQL(table: room, query: SELECT * FROM room)
2023-01-13 08:23:58 | INFO: SQL(table: room, query: INSERT INTO room (name,description,img,rate)  VALUES('computer','lt mobile java',' /src/fileUpload/imgs/Screenshot (92).png',1000))
2023-01-13 08:24:00 | INFO: SQL(table: room, query: SELECT * FROM room)
2023-01-13 08:30:44 | INFO: SQL(table: room, query: SELECT * FROM room)
2023-01-13 08:30:50 | INFO: SQL(table: room, query: SELECT * FROM room)
2023-01-13 08:31:32 | INFO: SQL(table: room, query: SELECT * FROM room)
2023-01-13 08:31:46 | INFO: SQL(table: room, query: SELECT * FROM room)
2023-01-13 08:32:16 | INFO: SQL(table: room, query: SELECT * FROM room)
2023-01-13 08:32:31 | INFO: SQL(table: room, query: SELECT * FROM room)
2023-01-13 08:32:48 | INFO: SQL(table: room, query: SELECT * FROM room)
2023-01-13 08:33:04 | INFO: SQL(table: room, query: SELECT * FROM room)
2023-01-13 08:33:16 | INFO: SQL(table: room, query: SELECT * FROM room)
2023-01-13 08:33:21 | INFO: SQL(table: room, query: SELECT * FROM room WHERE id = 30)
2023-01-13 08:33:35 | INFO: SQL(table: room, query: SELECT * FROM room WHERE id = 30)
2023-01-13 08:33:35 | INFO: SQL(table: room, query: UPDATE room SET id='30',name='computer',description='lt mobile java',img=' /src/fileUpload/imgs/Screenshot (134).png',rate=1000 WHERE id =30)
2023-01-13 08:33:37 | INFO: SQL(table: room, query: SELECT * FROM room)
2023-01-13 08:42:03 | INFO: SQL(table: room, query: INSERT INTO room (name,description,img,rate)  VALUES('Room Vip ','this is vip',' /src/fileUpload/imgs/Screenshot (96).png',100000))
2023-01-13 08:42:19 | INFO: SQL(table: room, query: SELECT * FROM room)
2023-01-13 08:43:26 | INFO: SQL(table: room, query: SELECT * FROM room)
2023-01-13 08:43:37 | INFO: SQL(table: room, query: SELECT * FROM room)
2023-01-13 08:43:52 | INFO: SQL(table: room, query: SELECT * FROM room)
2023-01-13 08:46:07 | INFO: SQL(table: room, query: INSERT INTO room (name,description,img,rate)  VALUES('Common room','the common...',' /src/fileUpload/imgs/Screenshot (125).png',500))
2023-01-13 08:47:18 | INFO: SQL(table: room, query: INSERT INTO room (name,description,img,rate)  VALUES('Phòng tổng thống','phòng cho các tổng thống...',' /src/fileUpload/imgs/Screenshot (108).png',500000))
2023-01-13 08:47:18 | INFO: SQL(table: room, query: SELECT * FROM room)
2023-01-13 08:49:46 | INFO: SQL(table: room, query: SELECT * FROM room)
2023-01-13 08:50:10 | INFO: SQL(table: room, query: SELECT * FROM room)
2023-01-13 08:54:46 | INFO: SQL(table: room, query: SELECT * FROM room)
2023-01-13 08:54:48 | INFO: SQL(table: room, query: SELECT * FROM room)
2023-01-13 08:54:48 | INFO: SQL(table: room, query: SELECT * FROM room WHERE id = 33)
2023-01-13 08:54:48 | INFO: SQL(table: room, query: DELETE FROM room WHERE id =33)
2023-01-13 08:54:48 | INFO: SQL(table: room, query: SELECT * FROM room)
2023-01-13 08:54:54 | INFO: SQL(table: room, query: SELECT * FROM room)
2023-01-13 08:54:54 | INFO: SQL(table: room, query: SELECT * FROM room WHERE id = 32)
2023-01-13 08:54:54 | INFO: SQL(table: room, query: DELETE FROM room WHERE id =32)
2023-01-13 08:54:54 | INFO: SQL(table: room, query: SELECT * FROM room)
2023-01-13 08:54:58 | INFO: SQL(table: room, query: SELECT * FROM room)
2023-01-13 08:54:58 | INFO: SQL(table: room, query: SELECT * FROM room WHERE id = 31)
2023-01-13 08:54:58 | INFO: SQL(table: room, query: DELETE FROM room WHERE id =31)
2023-01-13 08:54:58 | INFO: SQL(table: room, query: SELECT * FROM room)
2023-01-13 08:55:52 | INFO: SQL(table: room, query: SELECT * FROM room)
2023-01-13 08:55:52 | INFO: SQL(table: room, query: SELECT * FROM room WHERE id = 30)
2023-01-13 08:55:52 | INFO: SQL(table: room, query: DELETE FROM room WHERE id =30)
2023-01-13 08:55:52 | INFO: SQL(table: room, query: SELECT * FROM room)
2023-01-13 08:56:37 | INFO: SQL(table: room, query: INSERT INTO room (name,description,img,rate)  VALUES('lt mobile','s',' /src/fileUpload/imgs/Screenshot (88).png',123))
2023-01-13 08:56:37 | INFO: SQL(table: room, query: SELECT * FROM room)
2023-01-13 08:56:50 | INFO: SQL(table: room, query: SELECT * FROM room)
2023-01-13 08:56:50 | INFO: SQL(table: room, query: SELECT * FROM room WHERE id = 34)
2023-01-13 08:56:50 | INFO: SQL(table: room, query: SELECT * FROM room)
2023-01-13 08:57:07 | INFO: SQL(table: room, query: SELECT * FROM room)
2023-01-13 08:57:10 | INFO: SQL(table: room, query: SELECT * FROM room)
2023-01-13 08:57:10 | INFO: SQL(table: room, query: SELECT * FROM room WHERE id = 34)
2023-01-13 08:57:10 | INFO: SQL(table: room, query: SELECT * FROM room)
2023-01-13 08:57:23 | INFO: SQL(table: room, query: SELECT * FROM room)
2023-01-13 08:57:23 | INFO: SQL(table: room, query: SELECT * FROM room WHERE id = 34)
2023-01-13 08:58:45 | INFO: SQL(table: room, query: SELECT * FROM room)
2023-01-13 08:58:45 | INFO: SQL(table: room, query: SELECT * FROM room WHERE id = 34)
2023-01-13 08:58:48 | INFO: SQL(table: room, query: SELECT * FROM room)
2023-01-13 08:58:48 | INFO: SQL(table: room, query: SELECT * FROM room WHERE id = 34)
2023-01-13 08:58:57 | INFO: SQL(table: room, query: SELECT * FROM room)
2023-01-13 08:58:57 | INFO: SQL(table: room, query: SELECT * FROM room WHERE id = 34)
2023-01-13 08:59:56 | INFO: SQL(table: room, query: INSERT INTO room (name,description,img,rate)  VALUES('asd','asd','/src/fileUpload/imgs/Screenshot (97).png',11))
2023-01-13 08:59:56 | INFO: SQL(table: room, query: SELECT * FROM room)
2023-01-13 09:00:00 | INFO: SQL(table: room, query: SELECT * FROM room)
2023-01-13 09:00:00 | INFO: SQL(table: room, query: SELECT * FROM room WHERE id = 35)
2023-01-13 09:00:11 | INFO: SQL(table: room, query: SELECT * FROM room)
2023-01-13 09:00:11 | INFO: SQL(table: room, query: SELECT * FROM room WHERE id = 35)
2023-01-13 09:00:46 | INFO: SQL(table: room, query: SELECT * FROM room)
2023-01-13 09:00:46 | INFO: SQL(table: room, query: SELECT * FROM room WHERE id = 35)
2023-01-13 09:00:56 | INFO: SQL(table: room, query: SELECT * FROM room)
2023-01-13 09:00:56 | INFO: SQL(table: room, query: SELECT * FROM room WHERE id = 35)
2023-01-13 09:00:56 | INFO: SQL(table: room, query: DELETE FROM room WHERE id =35)
2023-01-13 09:00:56 | INFO: SQL(table: room, query: SELECT * FROM room)
2023-01-13 09:00:58 | INFO: SQL(table: room, query: SELECT * FROM room)
2023-01-13 09:00:58 | INFO: SQL(table: room, query: SELECT * FROM room WHERE id = 34)
2023-01-13 09:00:58 | INFO: SQL(table: room, query: DELETE FROM room WHERE id =34)
2023-01-13 09:00:58 | INFO: SQL(table: room, query: SELECT * FROM room)
2023-01-13 09:01:13 | INFO: SQL(table: room, query: INSERT INTO room (name,description,img,rate)  VALUES('Room vip','vip','/src/fileUpload/imgs/Screenshot (87).png',1123))
2023-01-13 09:01:13 | INFO: SQL(table: room, query: SELECT * FROM room)
2023-01-13 09:01:57 | INFO: SQL(table: room, query: INSERT INTO room (name,description,img,rate)  VALUES('Room thường','thường','/src/fileUpload/imgs/',1000))
2023-01-13 09:01:57 | INFO: SQL(table: room, query: SELECT * FROM room)
2023-01-13 09:01:59 | INFO: SQL(table: room, query: SELECT * FROM room WHERE id = 37)
2023-01-13 09:02:05 | INFO: SQL(table: room, query: SELECT * FROM room WHERE id = 37)
2023-01-13 09:02:05 | INFO: SQL(table: room, query: UPDATE room SET id='37',name='Room thường',description='thường',img='/src/fileUpload/imgs/Screenshot (96).png',rate=1000 WHERE id =37)
2023-01-13 09:02:05 | INFO: SQL(table: room, query: SELECT * FROM room)
2023-01-13 09:02:08 | INFO: SQL(table: room, query: SELECT * FROM room WHERE id = 36)
2023-01-13 09:02:12 | INFO: SQL(table: room, query: SELECT * FROM room WHERE id = 36)
2023-01-13 09:02:12 | INFO: SQL(table: room, query: UPDATE room SET id='36',name='Room vip',description='vip',img='/src/fileUpload/imgs/Screenshot (91).png',rate=1123 WHERE id =36)
2023-01-13 09:02:12 | INFO: SQL(table: room, query: SELECT * FROM room)
2023-01-13 09:10:49 | INFO: SQL(table: room, query: SELECT * FROM room)
2023-01-13 09:14:27 | INFO: SQL(table: room, query: SELECT * FROM room)
2023-01-13 09:15:34 | INFO: SQL(table: room, query: SELECT * FROM room)
2023-01-13 09:15:49 | INFO: SQL(table: room, query: SELECT * FROM room)
2023-01-13 09:16:23 | INFO: SQL(table: room, query: SELECT * FROM room)
2023-01-13 09:17:41 | INFO: SQL(table: room, query: SELECT * FROM room)
2023-01-13 09:17:57 | INFO: SQL(table: room, query: SELECT * FROM room)
2023-01-13 09:19:56 | INFO: SQL(table: room, query: SELECT * FROM room)
2023-01-13 09:29:58 | INFO: SQL(table: room, query: SELECT * FROM room)
2023-01-13 09:30:07 | INFO: SQL(table: room, query: SELECT * FROM room WHERE id = 36)
2023-01-13 09:30:14 | INFO: SQL(table: room, query: SELECT * FROM room WHERE id = 36)
2023-01-13 09:30:14 | INFO: SQL(table: room, query: UPDATE room SET id='36',name='Room vip',description='vip',img='/src/fileUpload/imgs/deluxe.jpg',rate=1123 WHERE id =36)
2023-01-13 09:30:14 | INFO: SQL(table: room, query: SELECT * FROM room)
2023-01-13 09:30:16 | INFO: SQL(table: room, query: SELECT * FROM room WHERE id = 37)
2023-01-13 09:30:20 | INFO: SQL(table: room, query: SELECT * FROM room WHERE id = 37)
2023-01-13 09:30:20 | INFO: SQL(table: room, query: UPDATE room SET id='37',name='Room thường',description='thường',img='/src/fileUpload/imgs/suite.jpg',rate=1000 WHERE id =37)
2023-01-13 09:30:20 | INFO: SQL(table: room, query: SELECT * FROM room)
2023-01-13 09:59:40 | INFO: SQL(table: room, query: SELECT * FROM room WHERE id = 36)
2023-01-13 10:00:07 | INFO: SQL(table: room, query: SELECT * FROM room)
2023-01-13 10:00:18 | INFO: SQL(table: room, query: SELECT * FROM room WHERE id = 36)
2023-01-13 10:00:59 | INFO: SQL(table: room, query: SELECT * FROM room WHERE id = 36)
2023-01-13 10:01:01 | INFO: SQL(table: room, query: SELECT * FROM room)
2023-01-13 10:01:05 | INFO: SQL(table: room, query: SELECT * FROM room WHERE id = 36)
2023-01-13 10:01:17 | INFO: SQL(table: room, query: SELECT * FROM room)
2023-01-13 10:01:23 | INFO: SQL(table: room, query: SELECT * FROM room WHERE id = 36)
2023-01-13 10:01:36 | INFO: SQL(table: room, query: SELECT * FROM room)
2023-01-13 10:02:53 | INFO: SQL(table: room, query: SELECT * FROM room WHERE id = 36)
2023-01-13 10:03:24 | INFO: SQL(table: room, query: SELECT * FROM room WHERE id = 36)
2023-01-13 10:13:51 | INFO: SQL(table: room, query: SELECT * FROM room)
2023-01-13 10:16:22 | INFO: SQL(table: room, query: SELECT * FROM room WHERE id = 36)
2023-01-18 19:21:29 | INFO: SQL(table: room, query: SELECT * FROM room)
2023-01-19 14:33:19 | INFO: SQL(table: room, query: SELECT * FROM room)
2023-01-19 14:49:08 | INFO: SQL(table: room, query: SELECT * FROM room)
2023-01-19 16:31:28 | INFO: SQL(table: room, query: SELECT * FROM room)
2023-01-19 16:31:37 | INFO: SQL(table: room, query: SELECT * FROM room)
2023-01-19 16:39:34 | INFO: SQL(table: room, query: SELECT * FROM room)
2023-01-19 16:39:37 | INFO: SQL(table: room, query: SELECT * FROM room)
2023-01-31 10:55:45 | INFO: SQL(table: account, query: INSERT INTO account (fullName,username,password,email,gender,address,hobby,avatar)  VALUES('Dai Nguyen','Nguyen','123','dai.23102002@gmail.com','Male','Thuong Tin','Film','/src/fileUpload/imgs/deluxe.jpg'))
2023-01-31 10:56:41 | INFO: SQL(table: account, query: INSERT INTO account (fullName,username,password,email,gender,address,dob,hobby,avatar)  VALUES('Dai Nguyen','Nguyen','123','dai.23102002@gmail.com','Male','Thuong Tin','2002-01-01','Film','/src/fileUpload/imgs/deluxe.jpg'))
2023-01-31 13:57:56 | INFO: SQL(table: room, query: SELECT * FROM room)
2023-01-31 13:57:58 | INFO: SQL(table: room, query: SELECT * FROM room WHERE id = 36)
2023-01-31 14:00:11 | INFO: SQL(table: room, query: SELECT * FROM room)
2023-01-31 14:00:22 | INFO: SQL(table: room, query: SELECT * FROM room)
2023-01-31 14:03:30 | INFO: SQL(table: room, query: SELECT * FROM room)
2023-01-31 14:03:32 | INFO: SQL(table: room, query: SELECT * FROM room WHERE id = 36)
2023-01-31 14:03:55 | INFO: SQL(table: room, query: SELECT * FROM room WHERE id = 36)
2023-01-31 14:04:05 | INFO: SQL(table: room, query: SELECT * FROM room WHERE id = 36)
2023-01-31 14:04:05 | INFO: SQL(table: room, query: UPDATE room SET id='36',name='Room vip edit 2',description=' vip',img='/src/fileUpload/imgs/deluxe.jpg',rate=1123 WHERE id =36)
2023-01-31 14:05:10 | INFO: SQL(table: room, query: SELECT * FROM room WHERE id = 36)
2023-01-31 14:05:10 | INFO: SQL(table: room, query: UPDATE room SET id='36',name='Room vip edit 2',description=' vip',img='/src/fileUpload/imgs/deluxe.jpg',rate=1123 WHERE id =36)
2023-01-31 14:05:32 | INFO: SQL(table: room, query: SELECT * FROM room WHERE id = 36)
2023-01-31 14:05:32 | INFO: SQL(table: room, query: UPDATE room SET id='36',name='Room vip edit 2',description=' vip',img='/src/fileUpload/imgs/deluxe.jpg',rate=1123 WHERE id =36)
2023-01-31 14:06:39 | INFO: SQL(table: room, query: SELECT * FROM room WHERE id = 36)
2023-01-31 14:06:39 | INFO: SQL(table: room, query: UPDATE room SET id='36',name='Room vip edit 2',description=' vip',img='/src/fileUpload/imgs/deluxe.jpg',rate=1123 WHERE id =36)
2023-01-31 14:06:44 | INFO: SQL(table: room, query: SELECT * FROM room WHERE id = 36)
2023-01-31 14:06:44 | INFO: SQL(table: room, query: UPDATE room SET id='36',name='Room vip edit 2 3',description='  vip',img='/src/fileUpload/imgs/deluxe.jpg',rate=1123 WHERE id =36)
2023-01-31 14:08:08 | INFO: SQL(table: room, query: SELECT * FROM room WHERE id = 36)
2023-01-31 14:08:08 | INFO: SQL(table: room, query: UPDATE room SET id='36',name='Room vip edit 2',description='  vip',img='/src/fileUpload/imgs/deluxe.jpg',rate=1123 WHERE id =36)
2023-01-31 14:10:23 | INFO: SQL(table: room, query: SELECT * FROM room)
2023-01-31 14:10:25 | INFO: SQL(table: room, query: SELECT * FROM room WHERE id = 36)
2023-01-31 14:10:29 | INFO: SQL(table: room, query: SELECT * FROM room WHERE id = 36)
2023-01-31 14:10:29 | INFO: SQL(table: room, query: UPDATE room SET id='36',name='Room vip edit 23',description='   vip',img='/src/fileUpload/imgs/deluxe.jpg',rate=1123 WHERE id =36)
2023-01-31 14:14:41 | INFO: SQL(table: room, query: SELECT * FROM room WHERE id = 36)
2023-01-31 14:14:41 | INFO: SQL(table: room, query: UPDATE room SET id='36',name='Room vip edit 23',description='   vip',img='/src/fileUpload/imgs/deluxe.jpg',rate=1123 WHERE id =36)
2023-01-31 14:15:59 | INFO: SQL(table: room, query: SELECT * FROM room WHERE id = 36)
2023-01-31 14:15:59 | INFO: SQL(table: room, query: UPDATE room SET id='36',name='Room vip edit 23',description='   vip',img='/src/fileUpload/imgs/deluxe.jpg',rate=1123 WHERE id =36)
2023-01-31 14:16:15 | INFO: SQL(table: room, query: SELECT * FROM room WHERE id = 36)
2023-01-31 14:16:15 | INFO: SQL(table: room, query: UPDATE room SET id='36',name='Room vip edit 23',description='   vip',img='/src/fileUpload/imgs/deluxe.jpg',rate=1123 WHERE id =36)
2023-01-31 14:16:36 | INFO: SQL(table: room, query: SELECT * FROM room WHERE id = 36)
2023-01-31 14:19:13 | INFO: SQL(table: room, query: SELECT * FROM room)
2023-01-31 14:19:59 | INFO: SQL(table: room, query: SELECT * FROM room)
2023-01-31 14:20:01 | INFO: SQL(table: room, query: SELECT * FROM room WHERE id = 36)
2023-01-31 14:20:03 | INFO: SQL(table: room, query: SELECT * FROM room)
2023-01-31 14:20:04 | INFO: SQL(table: room, query: SELECT * FROM room WHERE id = 37)
2023-01-31 14:20:08 | INFO: SQL(table: room, query: SELECT * FROM room)
2023-01-31 14:20:28 | INFO: SQL(table: room, query: SELECT * FROM room)
2023-01-31 14:20:29 | INFO: SQL(table: room, query: SELECT * FROM room)
2023-01-31 14:23:05 | INFO: SQL(table: room, query: INSERT INTO room (name,description,img,rate)  VALUES('Phòng 99',' phòng số 99 abc xyz','/src/fileUpload/imgs/suite.jpg',500))
2023-01-31 14:23:12 | INFO: SQL(table: room, query: SELECT * FROM room)
2023-01-31 14:44:06 | INFO: SQL(table: dive, query: INSERT INTO dive (name,img,description)  VALUES('Dive 1','/src/fileUpload/imgs/deluxe.jpg',' ...'))
2023-01-31 14:48:48 | INFO: SQL(table: dive, query: SELECT * FROM dive)
2023-01-31 14:53:15 | INFO: SQL(table: dive, query: SELECT * FROM dive)
2023-01-31 14:53:43 | INFO: SQL(table: dive, query: SELECT * FROM dive)
2023-01-31 14:53:59 | INFO: SQL(table: dive, query: SELECT * FROM dive)
2023-01-31 14:54:07 | INFO: SQL(table: dive, query: SELECT * FROM dive)
2023-01-31 14:54:56 | INFO: SQL(table: dive, query: SELECT * FROM dive WHERE id = 1)
2023-01-31 14:55:05 | INFO: SQL(table: dive, query: SELECT * FROM dive WHERE id = 1)
2023-01-31 14:55:05 | INFO: SQL(table: dive, query: UPDATE dive SET id='1',name='Dive 12',description='  ...' WHERE id =1)
2023-01-31 14:55:37 | INFO: SQL(table: dive, query: SELECT * FROM dive WHERE id = 1)
2023-01-31 14:55:37 | INFO: SQL(table: dive, query: UPDATE dive SET id='1',name='Dive 12',img='/src/fileUpload/imgs/deluxe.jpg',description='  ...' WHERE id =1)
2023-01-31 14:56:07 | INFO: SQL(table: dive, query: SELECT * FROM dive WHERE id = 1)
2023-01-31 14:56:07 | INFO: SQL(table: dive, query: UPDATE dive SET id='1',name='Dive 12',img='/src/fileUpload/imgs/deluxe.jpg',description='  ...' WHERE id =1)
2023-01-31 15:00:06 | INFO: SQL(table: room, query: INSERT INTO room (name,description,img,rate)  VALUES('a','a','/src/fileUpload/imgs/suite.jpg',100000))
2023-01-31 15:00:06 | INFO: SQL(table: room, query: SELECT * FROM room)
2023-01-31 15:00:55 | INFO: SQL(table: room, query: SELECT * FROM room)
2023-01-31 15:00:57 | INFO: SQL(table: room, query: SELECT * FROM room WHERE id = 36)
2023-01-31 15:01:02 | INFO: SQL(table: room, query: SELECT * FROM room WHERE id = 36)
2023-01-31 15:01:02 | INFO: SQL(table: room, query: UPDATE room SET id='36',name='Room vip edit 23',description='    vip supper',img='/src/fileUpload/imgs/deluxe.jpg',rate=1123 WHERE id =36)
2023-01-31 15:01:44 | INFO: SQL(table: room, query: SELECT * FROM room WHERE id = 36)
2023-01-31 15:01:44 | INFO: SQL(table: room, query: UPDATE room SET id='36',name='Room vip edit 23',description='    vip supper',img='/src/fileUpload/imgs/deluxe.jpg',rate=1123 WHERE id =36)
2023-01-31 15:04:03 | INFO: SQL(table: dive, query: SELECT * FROM dive)
2023-01-31 15:05:06 | INFO: SQL(table: dive, query: SELECT * FROM dive)
2023-01-31 15:05:24 | INFO: SQL(table: dive, query: INSERT INTO dive (name,img,description)  VALUES('deep ocean','/src/fileUpload/imgs/deluxe.jpg',' asdsadasdsa'))
2023-01-31 15:05:55 | INFO: SQL(table: dive, query: INSERT INTO dive (name,img,description)  VALUES('deep ocean','/src/fileUpload/imgs/deluxe.jpg',' asdsadasdsa'))
2023-01-31 15:06:04 | INFO: SQL(table: dive, query: INSERT INTO dive (name,img,description)  VALUES('sad','/src/fileUpload/imgs/deluxe.jpg',' asd'))
2023-01-31 15:06:21 | INFO: SQL(table: dive, query: INSERT INTO dive (name,img,description)  VALUES('sad','/src/fileUpload/imgs/deluxe.jpg',' asd'))
2023-01-31 15:07:06 | INFO: SQL(table: dive, query: SELECT * FROM dive)
2023-01-31 15:07:52 | INFO: SQL(table: dive, query: SELECT * FROM dive)
2023-01-31 15:08:40 | INFO: SQL(table: dive, query: SELECT * FROM dive)
2023-01-31 15:08:43 | INFO: SQL(table: dive, query: SELECT * FROM dive WHERE id = 5)
2023-01-31 15:08:46 | INFO: SQL(table: dive, query: SELECT * FROM dive WHERE id = 5)
2023-01-31 15:08:46 | INFO: SQL(table: dive, query: UPDATE dive SET id='5',name='sad ee',img='/src/fileUpload/imgs/deluxe.jpg',description='  asd' WHERE id =5)
2023-01-31 15:09:59 | INFO: SQL(table: dive, query: SELECT * FROM dive WHERE id = 5)
2023-01-31 15:09:59 | INFO: SQL(table: dive, query: UPDATE dive SET id='5',name='sad ee',img='/src/fileUpload/imgs/deluxe.jpg',description='  asd' WHERE id =5)
2023-01-31 15:14:58 | INFO: SQL(table: dive, query: SELECT * FROM dive WHERE id = 5)
2023-01-31 15:14:58 | INFO: SQL(table: dive, query: UPDATE dive SET id='5',name='sad ee',img='/src/fileUpload/imgs/deluxe.jpg',description='  asd' WHERE id =5)
2023-01-31 15:15:05 | INFO: SQL(table: dive, query: SELECT * FROM dive WHERE id = 5)
2023-01-31 15:15:05 | INFO: SQL(table: dive, query: UPDATE dive SET id='5',name='sad ee',img='/src/fileUpload/imgs/deluxe.jpg',description='  asd' WHERE id =5)
2023-01-31 15:15:17 | INFO: SQL(table: dive, query: SELECT * FROM dive WHERE id = 5)
2023-01-31 15:15:17 | INFO: SQL(table: dive, query: UPDATE dive SET id='5',name='sad ee',img='/src/fileUpload/imgs/deluxe.jpg',description='  asd' WHERE id =5)
2023-01-31 15:15:41 | INFO: SQL(table: dive, query: SELECT * FROM dive WHERE id = 5)
2023-01-31 15:15:41 | INFO: SQL(table: dive, query: UPDATE dive SET id='5',name='sad ee',img='/src/fileUpload/imgs/deluxe.jpg',description='  asd' WHERE id =5)
2023-01-31 15:16:20 | INFO: SQL(table: dive, query: SELECT * FROM dive WHERE id = 5)
2023-01-31 15:16:20 | INFO: SQL(table: dive, query: UPDATE dive SET id='5',name='sad ee',img='/src/fileUpload/imgs/deluxe.jpg',description='  asd' WHERE id =5)
2023-01-31 15:21:12 | INFO: SQL(table: dive, query: SELECT * FROM dive WHERE id = 5)
2023-01-31 15:21:12 | INFO: SQL(table: dive, query: UPDATE dive SET id='5',name='sad ee',img='/src/fileUpload/imgs/deluxe.jpg',description='  asd' WHERE id =5)
2023-01-31 15:21:23 | INFO: SQL(table: dive, query: SELECT * FROM dive WHERE id = 5)
2023-01-31 15:21:23 | INFO: SQL(table: dive, query: UPDATE dive SET id='5',name='sad ee',img='/src/fileUpload/imgs/deluxe.jpg',description='  asd' WHERE id =5)
2023-01-31 15:21:50 | INFO: SQL(table: dive, query: SELECT * FROM dive WHERE id = 5)
2023-01-31 15:21:50 | INFO: SQL(table: dive, query: UPDATE dive SET id='5',name='sad ee',img='/src/fileUpload/imgs/deluxe.jpg',description='  asd' WHERE id =5)
2023-01-31 15:23:20 | INFO: SQL(table: dive, query: SELECT * FROM dive WHERE id = 5)
2023-01-31 15:23:20 | INFO: SQL(table: dive, query: UPDATE dive SET id='5',name='sad ee',img='/src/fileUpload/imgs/deluxe.jpg',description='  asd' WHERE id =5)
2023-01-31 15:30:33 | INFO: SQL(table: dive, query: SELECT * FROM dive WHERE id = 5)
2023-01-31 15:30:33 | INFO: SQL(table: dive, query: UPDATE dive SET id='5',name='sad ee',img='/src/fileUpload/imgs/deluxe.jpg',description='  asd' WHERE id =5)
2023-01-31 15:30:38 | INFO: SQL(table: dive, query: SELECT * FROM dive WHERE id = 5)
2023-01-31 15:30:38 | INFO: SQL(table: dive, query: UPDATE dive SET id='5',name='sad ee',img='/src/fileUpload/imgs/deluxe.jpg',description='  asd' WHERE id =5)
2023-01-31 15:32:18 | INFO: SQL(table: dive, query: SELECT * FROM dive WHERE id = 5)
2023-01-31 15:32:18 | INFO: SQL(table: dive, query: UPDATE dive SET id='5',name='sad ee',img='/src/fileUpload/imgs/deluxe.jpg',description='  asd' WHERE id =5)
2023-01-31 15:32:21 | INFO: SQL(table: room, query: SELECT * FROM room)
2023-01-31 15:32:23 | INFO: SQL(table: room, query: SELECT * FROM room WHERE id = 39)
2023-01-31 15:32:27 | INFO: SQL(table: room, query: SELECT * FROM room WHERE id = 39)
2023-01-31 15:32:27 | INFO: SQL(table: room, query: UPDATE room SET id='39',name='avcv',description=' a',img='/src/fileUpload/imgs/suite.jpg',rate=100000 WHERE id =39)
2023-01-31 15:33:01 | INFO: SQL(table: room, query: SELECT * FROM room WHERE id = 39)
2023-01-31 15:33:01 | INFO: SQL(table: room, query: UPDATE room SET id='39',name='avcv',description=' a',img='/src/fileUpload/imgs/suite.jpg',rate=100000 WHERE id =39)
2023-01-31 15:33:04 | INFO: SQL(table: dive, query: SELECT * FROM dive)
2023-01-31 15:33:19 | INFO: SQL(table: dive, query: INSERT INTO dive (name,img,description)  VALUES('ocean pack','/src/fileUpload/imgs/suite.jpg',' assadsda'))
2023-01-31 15:34:46 | INFO: SQL(table: dive, query: INSERT INTO dive (name,img,description)  VALUES('ocean pack','/src/fileUpload/imgs/suite.jpg',' assadsda'))
2023-01-31 15:34:46 | INFO: SQL(table: dive, query: SELECT * FROM dive)
2023-01-31 15:35:10 | INFO: SQL(table: dive, query: SELECT * FROM dive)
2023-01-31 16:45:38 | INFO: SQL(table: room, query: SELECT * FROM room)
2023-01-31 16:45:40 | INFO: SQL(table: room, query: SELECT * FROM room WHERE id = 39)
2023-01-31 16:45:44 | INFO: SQL(table: room, query: SELECT * FROM room WHERE id = 39)
2023-01-31 16:45:44 | INFO: SQL(table: room, query: UPDATE room SET id='39',name='avcv',description='  a',img='/src/fileUpload/imgs/deluxe.jpg',rate=100000 WHERE id =39)
2023-01-31 16:45:44 | INFO: SQL(table: room, query: SELECT * FROM room)
2023-01-31 16:46:04 | INFO: SQL(table: room, query: SELECT * FROM room WHERE id = 38)
2023-01-31 16:46:05 | INFO: SQL(table: room, query: SELECT * FROM room WHERE id = 38)
2023-01-31 16:46:05 | INFO: SQL(table: room, query: UPDATE room SET id='38',name='Phòng 99',description='  phòng số 99 abc xyz',img='/src/fileUpload/imgs/suite.jpg',rate=500 WHERE id =38)
2023-01-31 16:46:05 | INFO: SQL(table: room, query: SELECT * FROM room)
2023-01-31 16:53:02 | INFO: SQL(table: room, query: SELECT * FROM room)
2023-01-31 16:53:12 | INFO: SQL(table: room, query: SELECT * FROM room WHERE id = 36)
2023-01-31 16:53:34 | INFO: SQL(table: room, query: SELECT * FROM room WHERE id = 36)
2023-01-31 16:53:34 | INFO: SQL(table: room, query: UPDATE room SET id='36',name='Room vip edit 23',description='     vip supper',img='/src/fileUpload/imgs/suite.jpg',rate=1123 WHERE id =36)
2023-01-31 16:53:34 | INFO: SQL(table: room, query: SELECT * FROM room)
2023-02-03 14:15:47 | INFO: SQL(table: dive, query: SELECT * FROM dive)
2023-02-03 14:15:48 | INFO: SQL(table: room, query: SELECT * FROM room)
2023-02-03 14:15:57 | INFO: SQL(table: room, query: SELECT * FROM room)
2023-02-17 17:47:50 | INFO: SQL(table: dive, query: SELECT * FROM dive)
2023-02-17 17:47:55 | INFO: SQL(table: room, query: SELECT * FROM room)
2023-02-17 17:55:04 | INFO: SQL(table: room, query: SELECT * FROM room)
2023-02-17 18:02:40 | INFO: SQL(table: room, query: SELECT * FROM room)
2023-02-17 18:02:51 | INFO: SQL(table: dive, query: SELECT * FROM dive)
2023-02-17 18:02:58 | INFO: SQL(table: dive, query: SELECT * FROM dive)
2023-02-17 18:03:03 | INFO: SQL(table: dive, query: SELECT * FROM dive)
2023-02-17 19:21:34 | INFO: SQL(table: dive, query: SELECT * FROM dive)
2023-02-17 20:08:50 | INFO: SQL(table: dive, query: SELECT * FROM dive)
2023-02-17 20:08:53 | INFO: SQL(table: room, query: SELECT * FROM room)
2023-02-17 20:09:55 | INFO: SQL(table: room, query: SELECT * FROM room)
2023-02-18 11:47:26 | INFO: SQL(table: dive, query: SELECT * FROM dive)
2023-02-20 13:39:00 | INFO: SQL(table: dive, query: SELECT * FROM dive)
2023-02-20 14:08:52 | INFO: SQL(table: dive, query: SELECT * FROM dive)
2023-02-20 14:08:57 | INFO: SQL(table: room, query: SELECT * FROM room)
2023-02-20 14:17:55 | INFO: SQL(table: account, query: INSERT INTO account (fullName,username,password,email,gender,address,dob,hobby,avatar)  VALUES('sad','admin1','a','a@gmail.com','Male','asd','2023-02-08','Film','/src/fileUpload/imgs/Screenshot (84).png'))
2023-02-20 14:28:48 | INFO: SQL(table: room, query: SELECT * FROM room)
2023-02-20 14:29:26 | INFO: SQL(table: dive, query: SELECT * FROM dive)
2023-02-20 14:29:28 | INFO: SQL(table: room, query: SELECT * FROM room)
2023-02-20 14:30:13 | INFO: SQL(table: contact, query: SELECT * FROM contact)
2023-02-20 14:30:31 | INFO: SQL(table: contact, query: SELECT * FROM contact)
2023-02-20 14:30:44 | INFO: SQL(table: contact, query: SELECT * FROM contact)
2023-02-20 14:39:24 | INFO: SQL(table: room, query: SELECT * FROM room)
2023-02-20 14:44:49 | INFO: SQL(table: dive, query: SELECT * FROM dive)
2023-02-20 14:44:49 | INFO: SQL(table: room, query: SELECT * FROM room)
2023-02-20 15:05:49 | INFO: SQL(table: foods, query: SELECT * FROM foods)
2023-02-20 15:08:11 | INFO: SQL(table: foods, query: SELECT * FROM foods)
2023-02-20 15:08:32 | INFO: SQL(table: foods, query: SELECT * FROM foods)
2023-02-20 15:08:33 | INFO: SQL(table: foods, query: SELECT * FROM foods)
2023-02-20 15:11:36 | INFO: SQL(table: room, query: SELECT * FROM room)
2023-02-20 15:11:44 | INFO: SQL(table: foods, query: SELECT * FROM foods)
2023-02-20 15:16:35 | INFO: SQL(table: foods, query: INSERT INTO foods (category,name,img,description)  VALUES('SEAFOOD SPECIAL','Fried Salmon Special','/src/fileUpload/imgs/seafoods.jpg',' I\'m a product overview. Here you can write more information about your product. Buyers like to know ...'))
2023-02-20 15:16:35 | INFO: SQL(table: foods, query: SELECT * FROM foods)
2023-02-20 15:19:52 | INFO: SQL(table: room, query: SELECT * FROM room)
2023-02-20 15:19:52 | INFO: SQL(table: foods, query: SELECT * FROM foods)
2023-02-20 15:20:28 | INFO: SQL(table: foods, query: SELECT * FROM foods)
2023-02-20 15:20:28 | INFO: SQL(table: foods, query: SELECT * FROM foods)
2023-02-20 15:20:49 | INFO: SQL(table: dive, query: SELECT * FROM dive)
2023-02-20 15:24:39 | INFO: SQL(table: contact, query: SELECT * FROM contact)
2023-02-20 15:25:02 | INFO: SQL(table: contact, query: SELECT * FROM contact)
2023-02-20 15:25:03 | INFO: SQL(table: contact, query: SELECT * FROM contact)
2023-02-20 15:25:03 | INFO: SQL(table: contact, query: SELECT * FROM contact)
2023-02-20 15:26:02 | INFO: SQL(table: contact, query: SELECT * FROM contact)
2023-02-20 15:26:09 | INFO: SQL(table: contact, query: SELECT * FROM contact)
2023-02-20 15:26:15 | INFO: SQL(table: room, query: SELECT * FROM room)
2023-02-20 15:26:15 | INFO: SQL(table: room, query: SELECT * FROM room)
2023-02-20 15:26:16 | INFO: SQL(table: room, query: SELECT * FROM room)
2023-02-20 15:46:58 | INFO: SQL(table: foods, query: SELECT * FROM foods)
2023-02-20 15:50:05 | INFO: SQL(table: account, query: INSERT INTO account (fullName,username,password,email,gender,address,dob,hobby,avatar)  VALUES('sad','asd','asd','dainguyenend@gmail.com','Male','asd','2023-02-04','Film','/src/fileUpload/imgs/suite.jpg'))
2023-02-20 15:50:16 | INFO: SQL(table: dive, query: SELECT * FROM dive)
2023-02-20 15:50:17 | INFO: SQL(table: foods, query: SELECT * FROM foods)
2023-02-20 15:50:19 | INFO: SQL(table: dive, query: SELECT * FROM dive)
2023-02-20 15:50:21 | INFO: SQL(table: contact, query: SELECT * FROM contact)
2023-02-20 15:50:24 | INFO: SQL(table: dive, query: SELECT * FROM dive)
2023-02-20 15:51:01 | INFO: SQL(table: room, query: SELECT * FROM room)
2023-02-25 15:02:15 | INFO: SQL(table: room, query: SELECT * FROM room)
2023-02-25 15:02:16 | INFO: SQL(table: dive, query: SELECT * FROM dive)
2023-02-25 15:02:17 | INFO: SQL(table: foods, query: SELECT * FROM foods)
2023-02-25 15:03:09 | INFO: SQL(table: room, query: SELECT * FROM room)
2023-02-25 15:03:17 | INFO: SQL(table: room, query: SELECT * FROM room)
2023-02-25 15:03:19 | INFO: SQL(table: room, query: SELECT * FROM room WHERE id = 36)
2023-02-25 15:04:22 | INFO: SQL(table: room, query: SELECT * FROM room WHERE id = 36)
2023-02-25 15:04:24 | INFO: SQL(table: room, query: SELECT * FROM room)
2023-02-25 15:05:00 | INFO: SQL(table: room, query: SELECT * FROM room)
2023-02-25 15:05:02 | INFO: SQL(table: dive, query: SELECT * FROM dive)
2023-02-25 16:17:50 | INFO: SQL(table: foods, query: SELECT * FROM foods)
2023-02-25 16:17:51 | INFO: SQL(table: dive, query: SELECT * FROM dive)
2023-02-25 16:18:00 | INFO: SQL(table: contact, query: SELECT * FROM contact)
2023-02-25 16:18:07 | INFO: SQL(table: room, query: SELECT * FROM room)
2023-02-25 16:18:10 | INFO: SQL(table: room, query: SELECT * FROM room WHERE id = 36)
2023-02-25 16:18:33 | INFO: SQL(table: contact, query: SELECT * FROM contact)
2023-02-25 16:18:46 | INFO: SQL(table: contact, query: SELECT * FROM contact)
